# JRE version: OpenJDK Runtime Environment Temurin-21.0.11+10 (21.0.11+10) (build 21.0.11+10-LTS)
# Java VM: OpenJDK 64-Bit Server VM Temurin-21.0.11+10 (21.0.11+10-LTS, mixed mode, sharing, tiered, compressed oops, compressed class ptrs, parallel gc, windows-amd64)
GC Precious Log:
 CardTable entry size: 512
 CPUs: 16 total, 16 available
 Memory: 32471M
 Large Page Support: Disabled
 NUMA Support: Disabled
 Compressed Oops: Enabled (32-bit)
 Alignments: Space 512K, Generation 512K, Heap 2M
 Heap Min Capacity: 100M
 Heap Initial Capacity: 100M
 Heap Max Capacity: 2G
 Pre-touch: Disabled
 Parallel Workers: 13
Heap:
 PSYoungGen      total 14848K, used 3473K [0x00000000d5580000, 0x00000000d6580000, 0x0000000100000000)
  eden space 13312K, 17% used [0x00000000d5580000,0x00000000d57cc6a8,0x00000000d6280000)
  from space 1536K, 72% used [0x00000000d6300000,0x00000000d6418020,0x00000000d6480000)
  to   space 1024K, 0% used [0x00000000d6480000,0x00000000d6480000,0x00000000d6580000)
 ParOldGen       total 72704K, used 64486K [0x0000000080000000, 0x0000000084700000, 0x00000000d5580000)
  object space 72704K, 88% used [0x0000000080000000,0x0000000083ef9850,0x0000000084700000)
 Metaspace       used 60556K, committed 62016K, reserved 1114112K
  class space    used 6365K, committed 6976K, reserved 1048576K
GC Heap History (20 events):
Event: 14.417 GC heap before
{Heap before GC invocations=78 (full 2):
 PSYoungGen      total 14336K, used 3220K [0x00000000d5580000, 0x00000000d6400000, 0x0000000100000000)
  eden space 13312K, 21% used [0x00000000d5580000,0x00000000d5845310,0x00000000d6280000)
  from space 1024K, 37% used [0x00000000d6280000,0x00000000d62e0000,0x00000000d6380000)
  to   space 512K, 0% used [0x00000000d6380000,0x00000000d6380000,0x00000000d6400000)
 ParOldGen       total 72704K, used 72438K [0x0000000080000000, 0x0000000084700000, 0x00000000d5580000)
  object space 72704K, 99% used [0x0000000080000000,0x00000000846bd918,0x0000000084700000)
 Metaspace       used 58377K, committed 59776K, reserved 1114112K
  class space    used 6207K, committed 6848K, reserved 1048576K
}
Event: 14.417 GC heap after
{Heap after GC invocations=78 (full 2):
 PSYoungGen      total 13824K, used 448K [0x00000000d5580000, 0x00000000d6400000, 0x0000000100000000)
  eden space 13312K, 0% used [0x00000000d5580000,0x00000000d5580000,0x00000000d6280000)
  from space 512K, 87% used [0x00000000d6380000,0x00000000d63f0010,0x00000000d6400000)
  to   space 512K, 0% used [0x00000000d6300000,0x00000000d6300000,0x00000000d6380000)
 ParOldGen       total 72704K, used 72622K [0x0000000080000000, 0x0000000084700000, 0x00000000d5580000)
  object space 72704K, 99% used [0x0000000080000000,0x00000000846eb918,0x0000000084700000)
 Metaspace       used 58377K, committed 59776K, reserved 1114112K
  class space    used 6207K, committed 6848K, reserved 1048576K
}
Event: 14.417 GC heap before
{Heap before GC invocations=79 (full 3):
 PSYoungGen      total 13824K, used 448K [0x00000000d5580000, 0x00000000d6400000, 0x0000000100000000)
  eden space 13312K, 0% used [0x00000000d5580000,0x00000000d5580000,0x00000000d6280000)
  from space 512K, 87% used [0x00000000d6380000,0x00000000d63f0010,0x00000000d6400000)
  to   space 512K, 0% used [0x00000000d6300000,0x00000000d6300000,0x00000000d6380000)
 ParOldGen       total 72704K, used 72622K [0x0000000080000000, 0x0000000084700000, 0x00000000d5580000)
  object space 72704K, 99% used [0x0000000080000000,0x00000000846eb918,0x0000000084700000)
 Metaspace       used 58377K, committed 59776K, reserved 1114112K
  class space    used 6207K, committed 6848K, reserved 1048576K
}
Event: 14.485 GC heap after
{Heap after GC invocations=79 (full 3):
 PSYoungGen      total 13824K, used 0K [0x00000000d5580000, 0x00000000d6400000, 0x0000000100000000)
  eden space 13312K, 0% used [0x00000000d5580000,0x00000000d5580000,0x00000000d6280000)
  from space 512K, 0% used [0x00000000d6380000,0x00000000d6380000,0x00000000d6400000)
  to   space 512K, 0% used [0x00000000d6300000,0x00000000d6300000,0x00000000d6380000)
 ParOldGen       total 72704K, used 53297K [0x0000000080000000, 0x0000000084700000, 0x00000000d5580000)
  object space 72704K, 73% used [0x0000000080000000,0x000000008340c460,0x0000000084700000)
 Metaspace       used 58372K, committed 59776K, reserved 1114112K
  class space    used 6205K, committed 6848K, reserved 1048576K
}
Event: 14.529 GC heap before
{Heap before GC invocations=80 (full 3):
 PSYoungGen      total 13824K, used 13312K [0x00000000d5580000, 0x00000000d6400000, 0x0000000100000000)
  eden space 13312K, 100% used [0x00000000d5580000,0x00000000d6280000,0x00000000d6280000)
  from space 512K, 0% used [0x00000000d6380000,0x00000000d6380000,0x00000000d6400000)
  to   space 512K, 0% used [0x00000000d6300000,0x00000000d6300000,0x00000000d6380000)
 ParOldGen       total 72704K, used 53297K [0x0000000080000000, 0x0000000084700000, 0x00000000d5580000)
  object space 72704K, 73% used [0x0000000080000000,0x000000008340c460,0x0000000084700000)
 Metaspace       used 58763K, committed 60160K, reserved 1114112K
  class space    used 6238K, committed 6848K, reserved 1048576K
}
Event: 14.530 GC heap after
{Heap after GC invocations=80 (full 3):
 PSYoungGen      total 13824K, used 499K [0x00000000d5580000, 0x00000000d6b80000, 0x0000000100000000)
  eden space 13312K, 0% used [0x00000000d5580000,0x00000000d5580000,0x00000000d6280000)
  from space 512K, 97% used [0x00000000d6300000,0x00000000d637cc00,0x00000000d6380000)
  to   space 4608K, 0% used [0x00000000d6700000,0x00000000d6700000,0x00000000d6b80000)
 ParOldGen       total 72704K, used 56386K [0x0000000080000000, 0x0000000084700000, 0x00000000d5580000)
  object space 72704K, 77% used [0x0000000080000000,0x00000000837109c8,0x0000000084700000)
 Metaspace       used 58763K, committed 60160K, reserved 1114112K
  class space    used 6238K, committed 6848K, reserved 1048576K
}
Event: 14.703 GC heap before
{Heap before GC invocations=81 (full 3):
 PSYoungGen      total 13824K, used 13811K [0x00000000d5580000, 0x00000000d6b80000, 0x0000000100000000)
  eden space 13312K, 100% used [0x00000000d5580000,0x00000000d6280000,0x00000000d6280000)
  from space 512K, 97% used [0x00000000d6300000,0x00000000d637cc00,0x00000000d6380000)
  to   space 4608K, 0% used [0x00000000d6700000,0x00000000d6700000,0x00000000d6b80000)
 ParOldGen       total 72704K, used 56386K [0x0000000080000000, 0x0000000084700000, 0x00000000d5580000)
  object space 72704K, 77% used [0x0000000080000000,0x00000000837109c8,0x0000000084700000)
 Metaspace       used 59945K, committed 61312K, reserved 1114112K
  class space    used 6325K, committed 6912K, reserved 1048576K
}
Event: 14.705 GC heap after
{Heap after GC invocations=81 (full 3):
 PSYoungGen      total 15872K, used 2279K [0x00000000d5580000, 0x00000000d6980000, 0x0000000100000000)
  eden space 13312K, 0% used [0x00000000d5580000,0x00000000d5580000,0x00000000d6280000)
  from space 2560K, 89% used [0x00000000d6700000,0x00000000d6939ef0,0x00000000d6980000)
  to   space 3072K, 0% used [0x00000000d6380000,0x00000000d6380000,0x00000000d6680000)
 ParOldGen       total 72704K, used 56888K [0x0000000080000000, 0x0000000084700000, 0x00000000d5580000)
  object space 72704K, 78% used [0x0000000080000000,0x000000008378e1e0,0x0000000084700000)
 Metaspace       used 59945K, committed 61312K, reserved 1114112K
  class space    used 6325K, committed 6912K, reserved 1048576K
}
Event: 14.828 GC heap before
{Heap before GC invocations=82 (full 3):
 PSYoungGen      total 15872K, used 15591K [0x00000000d5580000, 0x00000000d6980000, 0x0000000100000000)
  eden space 13312K, 100% used [0x00000000d5580000,0x00000000d6280000,0x00000000d6280000)
  from space 2560K, 89% used [0x00000000d6700000,0x00000000d6939ef0,0x00000000d6980000)
  to   space 3072K, 0% used [0x00000000d6380000,0x00000000d6380000,0x00000000d6680000)
 ParOldGen       total 72704K, used 56888K [0x0000000080000000, 0x0000000084700000, 0x00000000d5580000)
  object space 72704K, 78% used [0x0000000080000000,0x000000008378e1e0,0x0000000084700000)
 Metaspace       used 60188K, committed 61632K, reserved 1114112K
  class space    used 6350K, committed 6976K, reserved 1048576K
}
Event: 14.830 GC heap after
{Heap after GC invocations=82 (full 3):
 PSYoungGen      total 14336K, used 992K [0x00000000d5580000, 0x00000000d6780000, 0x0000000100000000)
  eden space 13312K, 0% used [0x00000000d5580000,0x00000000d5580000,0x00000000d6280000)
  from space 1024K, 96% used [0x00000000d6380000,0x00000000d6478000,0x00000000d6480000)
  to   space 2048K, 0% used [0x00000000d6580000,0x00000000d6580000,0x00000000d6780000)
 ParOldGen       total 72704K, used 59024K [0x0000000080000000, 0x0000000084700000, 0x00000000d5580000)
  object space 72704K, 81% used [0x0000000080000000,0x00000000839a40a0,0x0000000084700000)
 Metaspace       used 60188K, committed 61632K, reserved 1114112K
  class space    used 6350K, committed 6976K, reserved 1048576K
}
Event: 14.952 GC heap before
{Heap before GC invocations=83 (full 3):
 PSYoungGen      total 14336K, used 14304K [0x00000000d5580000, 0x00000000d6780000, 0x0000000100000000)
  eden space 13312K, 100% used [0x00000000d5580000,0x00000000d6280000,0x00000000d6280000)
  from space 1024K, 96% used [0x00000000d6380000,0x00000000d6478000,0x00000000d6480000)
  to   space 2048K, 0% used [0x00000000d6580000,0x00000000d6580000,0x00000000d6780000)
 ParOldGen       total 72704K, used 59024K [0x0000000080000000, 0x0000000084700000, 0x00000000d5580000)
  object space 72704K, 81% used [0x0000000080000000,0x00000000839a40a0,0x0000000084700000)
 Metaspace       used 60314K, committed 61760K, reserved 1114112K
  class space    used 6356K, committed 6976K, reserved 1048576K
}
Event: 14.954 GC heap after
{Heap after GC invocations=83 (full 3):
 PSYoungGen      total 14848K, used 1024K [0x00000000d5580000, 0x00000000d6700000, 0x0000000100000000)
  eden space 13312K, 0% used [0x00000000d5580000,0x00000000d5580000,0x00000000d6280000)
  from space 1536K, 66% used [0x00000000d6580000,0x00000000d6680020,0x00000000d6700000)
  to   space 1536K, 0% used [0x00000000d6400000,0x00000000d6400000,0x00000000d6580000)
 ParOldGen       total 72704K, used 59868K [0x0000000080000000, 0x0000000084700000, 0x00000000d5580000)
  object space 72704K, 82% used [0x0000000080000000,0x0000000083a77170,0x0000000084700000)
 Metaspace       used 60314K, committed 61760K, reserved 1114112K
  class space    used 6356K, committed 6976K, reserved 1048576K
}
Event: 15.076 GC heap before
{Heap before GC invocations=84 (full 3):
 PSYoungGen      total 14848K, used 14336K [0x00000000d5580000, 0x00000000d6700000, 0x0000000100000000)
  eden space 13312K, 100% used [0x00000000d5580000,0x00000000d6280000,0x00000000d6280000)
  from space 1536K, 66% used [0x00000000d6580000,0x00000000d6680020,0x00000000d6700000)
  to   space 1536K, 0% used [0x00000000d6400000,0x00000000d6400000,0x00000000d6580000)
 ParOldGen       total 72704K, used 59868K [0x0000000080000000, 0x0000000084700000, 0x00000000d5580000)
  object space 72704K, 82% used [0x0000000080000000,0x0000000083a77170,0x0000000084700000)
 Metaspace       used 60364K, committed 61760K, reserved 1114112K
  class space    used 6357K, committed 6976K, reserved 1048576K
}
Event: 15.077 GC heap after
{Heap after GC invocations=84 (full 3):
 PSYoungGen      total 14848K, used 1168K [0x00000000d5580000, 0x00000000d6600000, 0x0000000100000000)
  eden space 13312K, 0% used [0x00000000d5580000,0x00000000d5580000,0x00000000d6280000)
  from space 1536K, 76% used [0x00000000d6400000,0x00000000d6524050,0x00000000d6580000)
  to   space 512K, 0% used [0x00000000d6580000,0x00000000d6580000,0x00000000d6600000)
 ParOldGen       total 72704K, used 60772K [0x0000000080000000, 0x0000000084700000, 0x00000000d5580000)
  object space 72704K, 83% used [0x0000000080000000,0x0000000083b59210,0x0000000084700000)
 Metaspace       used 60364K, committed 61760K, reserved 1114112K
  class space    used 6357K, committed 6976K, reserved 1048576K
}
Event: 15.213 GC heap before
{Heap before GC invocations=85 (full 3):
 PSYoungGen      total 14848K, used 14480K [0x00000000d5580000, 0x00000000d6600000, 0x0000000100000000)
  eden space 13312K, 100% used [0x00000000d5580000,0x00000000d6280000,0x00000000d6280000)
  from space 1536K, 76% used [0x00000000d6400000,0x00000000d6524050,0x00000000d6580000)
  to   space 512K, 0% used [0x00000000d6580000,0x00000000d6580000,0x00000000d6600000)
 ParOldGen       total 72704K, used 60772K [0x0000000080000000, 0x0000000084700000, 0x00000000d5580000)
  object space 72704K, 83% used [0x0000000080000000,0x0000000083b59210,0x0000000084700000)
 Metaspace       used 60440K, committed 61888K, reserved 1114112K
  class space    used 6358K, committed 6976K, reserved 1048576K
}
Event: 15.215 GC heap after
{Heap after GC invocations=85 (full 3):
 PSYoungGen      total 13824K, used 512K [0x00000000d5580000, 0x00000000d6680000, 0x0000000100000000)
  eden space 13312K, 0% used [0x00000000d5580000,0x00000000d5580000,0x00000000d6280000)
  from space 512K, 100% used [0x00000000d6580000,0x00000000d6600000,0x00000000d6600000)
  to   space 2048K, 0% used [0x00000000d6280000,0x00000000d6280000,0x00000000d6480000)
 ParOldGen       total 72704K, used 62149K [0x0000000080000000, 0x0000000084700000, 0x00000000d5580000)
  object space 72704K, 85% used [0x0000000080000000,0x0000000083cb17b0,0x0000000084700000)
 Metaspace       used 60440K, committed 61888K, reserved 1114112K
  class space    used 6358K, committed 6976K, reserved 1048576K
}
Event: 15.355 GC heap before
{Heap before GC invocations=86 (full 3):
 PSYoungGen      total 13824K, used 13824K [0x00000000d5580000, 0x00000000d6680000, 0x0000000100000000)
  eden space 13312K, 100% used [0x00000000d5580000,0x00000000d6280000,0x00000000d6280000)
  from space 512K, 100% used [0x00000000d6580000,0x00000000d6600000,0x00000000d6600000)
  to   space 2048K, 0% used [0x00000000d6280000,0x00000000d6280000,0x00000000d6480000)
 ParOldGen       total 72704K, used 62149K [0x0000000080000000, 0x0000000084700000, 0x00000000d5580000)
  object space 72704K, 85% used [0x0000000080000000,0x0000000083cb17b0,0x0000000084700000)
 Metaspace       used 60459K, committed 61888K, reserved 1114112K
  class space    used 6358K, committed 6976K, reserved 1048576K
}
Event: 15.357 GC heap after
{Heap after GC invocations=86 (full 3):
 PSYoungGen      total 15360K, used 1056K [0x00000000d5580000, 0x00000000d6600000, 0x0000000100000000)
  eden space 13312K, 0% used [0x00000000d5580000,0x00000000d5580000,0x00000000d6280000)
  from space 2048K, 51% used [0x00000000d6280000,0x00000000d6388020,0x00000000d6480000)
  to   space 1536K, 0% used [0x00000000d6480000,0x00000000d6480000,0x00000000d6600000)
 ParOldGen       total 72704K, used 62677K [0x0000000080000000, 0x0000000084700000, 0x00000000d5580000)
  object space 72704K, 86% used [0x0000000080000000,0x0000000083d357d0,0x0000000084700000)
 Metaspace       used 60459K, committed 61888K, reserved 1114112K
  class space    used 6358K, committed 6976K, reserved 1048576K
}
Event: 15.474 GC heap before
{Heap before GC invocations=87 (full 3):
 PSYoungGen      total 15360K, used 14368K [0x00000000d5580000, 0x00000000d6600000, 0x0000000100000000)
  eden space 13312K, 100% used [0x00000000d5580000,0x00000000d6280000,0x00000000d6280000)
  from space 2048K, 51% used [0x00000000d6280000,0x00000000d6388020,0x00000000d6480000)
  to   space 1536K, 0% used [0x00000000d6480000,0x00000000d6480000,0x00000000d6600000)
 ParOldGen       total 72704K, used 62677K [0x0000000080000000, 0x0000000084700000, 0x00000000d5580000)
  object space 72704K, 86% used [0x0000000080000000,0x0000000083d357d0,0x0000000084700000)
 Metaspace       used 60493K, committed 61888K, reserved 1114112K
  class space    used 6358K, committed 6976K, reserved 1048576K
}
Event: 15.476 GC heap after
{Heap after GC invocations=87 (full 3):
 PSYoungGen      total 14848K, used 1040K [0x00000000d5580000, 0x00000000d6600000, 0x0000000100000000)
  eden space 13312K, 0% used [0x00000000d5580000,0x00000000d5580000,0x00000000d6280000)
  from space 1536K, 67% used [0x00000000d6480000,0x00000000d6584010,0x00000000d6600000)
  to   space 1536K, 0% used [0x00000000d6300000,0x00000000d6300000,0x00000000d6480000)
 ParOldGen       total 72704K, used 63618K [0x0000000080000000, 0x0000000084700000, 0x00000000d5580000)
  object space 72704K, 87% used [0x0000000080000000,0x0000000083e20800,0x0000000084700000)
 Metaspace       used 60493K, committed 61888K, reserved 1114112K
  class space    used 6358K, committed 6976K, reserved 1048576K
}

