# JRE version: OpenJDK Runtime Environment Temurin-21.0.11+10 (21.0.11+10) (build 21.0.11+10-LTS)
# Java VM: OpenJDK 64-Bit Server VM Temurin-21.0.11+10 (21.0.11+10-LTS, mixed mode, sharing, tiered, compressed oops, compressed class ptrs, parallel gc, windows-amd64)
GC Precious Log:
 CardTable entry size: 512
 CPUs: 16 total, 16 available
 Memory: 32471M
 Large Page Support: Disabled
 NUMA Support: Disabled
 Compressed Oops: Enabled (32-bit)
 Alignments: Space 512K, Generation 512K, Heap 2M
 Heap Min Capacity: 100M
 Heap Initial Capacity: 100M
 Heap Max Capacity: 2G
 Pre-touch: Disabled
 Parallel Workers: 13
Heap:
 PSYoungGen      total 15360K, used 14472K [0x00000000d5580000, 0x00000000d6580000, 0x0000000100000000)
  eden space 14336K, 96% used [0x00000000d5580000,0x00000000d62f2280,0x00000000d6380000)
  from space 1024K, 68% used [0x00000000d6480000,0x00000000d6530020,0x00000000d6580000)
  to   space 1024K, 0% used [0x00000000d6380000,0x00000000d6380000,0x00000000d6480000)
 ParOldGen       total 77824K, used 77553K [0x0000000080000000, 0x0000000084c00000, 0x00000000d5580000)
  object space 77824K, 99% used [0x0000000080000000,0x0000000084bbc5d8,0x0000000084c00000)
 Metaspace       used 56402K, committed 57856K, reserved 1114112K
  class space    used 6005K, committed 6592K, reserved 1048576K
GC Heap History (20 events):
Event: 10.222 GC heap before
{Heap before GC invocations=77 (full 2):
 PSYoungGen      total 15360K, used 15136K [0x00000000d5580000, 0x00000000d6580000, 0x0000000100000000)
  eden space 14336K, 100% used [0x00000000d5580000,0x00000000d6380000,0x00000000d6380000)
  from space 1024K, 78% used [0x00000000d6480000,0x00000000d6548118,0x00000000d6580000)
  to   space 1024K, 0% used [0x00000000d6380000,0x00000000d6380000,0x00000000d6480000)
 ParOldGen       total 73728K, used 73253K [0x0000000080000000, 0x0000000084800000, 0x00000000d5580000)
  object space 73728K, 99% used [0x0000000080000000,0x00000000847894b0,0x0000000084800000)
 Metaspace       used 54133K, committed 55552K, reserved 1114112K
  class space    used 5746K, committed 6336K, reserved 1048576K
}
Event: 10.224 GC heap after
{Heap after GC invocations=77 (full 2):
 PSYoungGen      total 15360K, used 747K [0x00000000d5580000, 0x00000000d6580000, 0x0000000100000000)
  eden space 14336K, 0% used [0x00000000d5580000,0x00000000d5580000,0x00000000d6380000)
  from space 1024K, 73% used [0x00000000d6380000,0x00000000d643afa8,0x00000000d6480000)
  to   space 1024K, 0% used [0x00000000d6480000,0x00000000d6480000,0x00000000d6580000)
 ParOldGen       total 73728K, used 73717K [0x0000000080000000, 0x0000000084800000, 0x00000000d5580000)
  object space 73728K, 99% used [0x0000000080000000,0x00000000847fd4b0,0x0000000084800000)
 Metaspace       used 54133K, committed 55552K, reserved 1114112K
  class space    used 5746K, committed 6336K, reserved 1048576K
}
Event: 10.258 GC heap before
{Heap before GC invocations=78 (full 2):
 PSYoungGen      total 15360K, used 15083K [0x00000000d5580000, 0x00000000d6580000, 0x0000000100000000)
  eden space 14336K, 100% used [0x00000000d5580000,0x00000000d6380000,0x00000000d6380000)
  from space 1024K, 73% used [0x00000000d6380000,0x00000000d643afa8,0x00000000d6480000)
  to   space 1024K, 0% used [0x00000000d6480000,0x00000000d6480000,0x00000000d6580000)
 ParOldGen       total 73728K, used 73717K [0x0000000080000000, 0x0000000084800000, 0x00000000d5580000)
  object space 73728K, 99% used [0x0000000080000000,0x00000000847fd4b0,0x0000000084800000)
 Metaspace       used 54196K, committed 55616K, reserved 1114112K
  class space    used 5753K, committed 6336K, reserved 1048576K
}
Event: 10.260 GC heap after
{Heap after GC invocations=78 (full 2):
 PSYoungGen      total 15360K, used 831K [0x00000000d5580000, 0x00000000d6580000, 0x0000000100000000)
  eden space 14336K, 0% used [0x00000000d5580000,0x00000000d5580000,0x00000000d6380000)
  from space 1024K, 81% used [0x00000000d6480000,0x00000000d654fcc8,0x00000000d6580000)
  to   space 1024K, 0% used [0x00000000d6380000,0x00000000d6380000,0x00000000d6480000)
 ParOldGen       total 75264K, used 74853K [0x0000000080000000, 0x0000000084980000, 0x00000000d5580000)
  object space 75264K, 99% used [0x0000000080000000,0x00000000849194b0,0x0000000084980000)
 Metaspace       used 54196K, committed 55616K, reserved 1114112K
  class space    used 5753K, committed 6336K, reserved 1048576K
}
Event: 10.289 GC heap before
{Heap before GC invocations=79 (full 2):
 PSYoungGen      total 15360K, used 15167K [0x00000000d5580000, 0x00000000d6580000, 0x0000000100000000)
  eden space 14336K, 100% used [0x00000000d5580000,0x00000000d6380000,0x00000000d6380000)
  from space 1024K, 81% used [0x00000000d6480000,0x00000000d654fcc8,0x00000000d6580000)
  to   space 1024K, 0% used [0x00000000d6380000,0x00000000d6380000,0x00000000d6480000)
 ParOldGen       total 75264K, used 74853K [0x0000000080000000, 0x0000000084980000, 0x00000000d5580000)
  object space 75264K, 99% used [0x0000000080000000,0x00000000849194b0,0x0000000084980000)
 Metaspace       used 54205K, committed 55616K, reserved 1114112K
  class space    used 5753K, committed 6336K, reserved 1048576K
}
Event: 10.290 GC heap after
{Heap after GC invocations=79 (full 2):
 PSYoungGen      total 15360K, used 773K [0x00000000d5580000, 0x00000000d6580000, 0x0000000100000000)
  eden space 14336K, 0% used [0x00000000d5580000,0x00000000d5580000,0x00000000d6380000)
  from space 1024K, 75% used [0x00000000d6380000,0x00000000d64415c0,0x00000000d6480000)
  to   space 1024K, 0% used [0x00000000d6480000,0x00000000d6480000,0x00000000d6580000)
 ParOldGen       total 75264K, used 75253K [0x0000000080000000, 0x0000000084980000, 0x00000000d5580000)
  object space 75264K, 99% used [0x0000000080000000,0x000000008497d4b0,0x0000000084980000)
 Metaspace       used 54205K, committed 55616K, reserved 1114112K
  class space    used 5753K, committed 6336K, reserved 1048576K
}
Event: 10.323 GC heap before
{Heap before GC invocations=80 (full 2):
 PSYoungGen      total 15360K, used 15109K [0x00000000d5580000, 0x00000000d6580000, 0x0000000100000000)
  eden space 14336K, 100% used [0x00000000d5580000,0x00000000d6380000,0x00000000d6380000)
  from space 1024K, 75% used [0x00000000d6380000,0x00000000d64415c0,0x00000000d6480000)
  to   space 1024K, 0% used [0x00000000d6480000,0x00000000d6480000,0x00000000d6580000)
 ParOldGen       total 75776K, used 75282K [0x0000000080000000, 0x0000000084a00000, 0x00000000d5580000)
  object space 75776K, 99% used [0x0000000080000000,0x00000000849848f0,0x0000000084a00000)
 Metaspace       used 54205K, committed 55616K, reserved 1114112K
  class space    used 5753K, committed 6336K, reserved 1048576K
}
Event: 10.324 GC heap after
{Heap after GC invocations=80 (full 2):
 PSYoungGen      total 15360K, used 583K [0x00000000d5580000, 0x00000000d6580000, 0x0000000100000000)
  eden space 14336K, 0% used [0x00000000d5580000,0x00000000d5580000,0x00000000d6380000)
  from space 1024K, 56% used [0x00000000d6480000,0x00000000d6511ce8,0x00000000d6580000)
  to   space 1024K, 0% used [0x00000000d6380000,0x00000000d6380000,0x00000000d6480000)
 ParOldGen       total 75776K, used 75570K [0x0000000080000000, 0x0000000084a00000, 0x00000000d5580000)
  object space 75776K, 99% used [0x0000000080000000,0x00000000849cc8f0,0x0000000084a00000)
 Metaspace       used 54205K, committed 55616K, reserved 1114112K
  class space    used 5753K, committed 6336K, reserved 1048576K
}
Event: 10.366 GC heap before
{Heap before GC invocations=81 (full 2):
 PSYoungGen      total 15360K, used 14919K [0x00000000d5580000, 0x00000000d6580000, 0x0000000100000000)
  eden space 14336K, 100% used [0x00000000d5580000,0x00000000d6380000,0x00000000d6380000)
  from space 1024K, 56% used [0x00000000d6480000,0x00000000d6511ce8,0x00000000d6580000)
  to   space 1024K, 0% used [0x00000000d6380000,0x00000000d6380000,0x00000000d6480000)
 ParOldGen       total 75776K, used 75572K [0x0000000080000000, 0x0000000084a00000, 0x00000000d5580000)
  object space 75776K, 99% used [0x0000000080000000,0x00000000849cd030,0x0000000084a00000)
 Metaspace       used 54211K, committed 55616K, reserved 1114112K
  class space    used 5754K, committed 6336K, reserved 1048576K
}
Event: 10.367 GC heap after
{Heap after GC invocations=81 (full 2):
 PSYoungGen      total 15360K, used 556K [0x00000000d5580000, 0x00000000d6580000, 0x0000000100000000)
  eden space 14336K, 0% used [0x00000000d5580000,0x00000000d5580000,0x00000000d6380000)
  from space 1024K, 54% used [0x00000000d6380000,0x00000000d640b2f8,0x00000000d6480000)
  to   space 1024K, 0% used [0x00000000d6480000,0x00000000d6480000,0x00000000d6580000)
 ParOldGen       total 76288K, used 75849K [0x0000000080000000, 0x0000000084a80000, 0x00000000d5580000)
  object space 76288K, 99% used [0x0000000080000000,0x0000000084a12678,0x0000000084a80000)
 Metaspace       used 54211K, committed 55616K, reserved 1114112K
  class space    used 5754K, committed 6336K, reserved 1048576K
}
Event: 10.416 GC heap before
{Heap before GC invocations=82 (full 2):
 PSYoungGen      total 15360K, used 14892K [0x00000000d5580000, 0x00000000d6580000, 0x0000000100000000)
  eden space 14336K, 100% used [0x00000000d5580000,0x00000000d6380000,0x00000000d6380000)
  from space 1024K, 54% used [0x00000000d6380000,0x00000000d640b2f8,0x00000000d6480000)
  to   space 1024K, 0% used [0x00000000d6480000,0x00000000d6480000,0x00000000d6580000)
 ParOldGen       total 76288K, used 75849K [0x0000000080000000, 0x0000000084a80000, 0x00000000d5580000)
  object space 76288K, 99% used [0x0000000080000000,0x0000000084a12678,0x0000000084a80000)
 Metaspace       used 54236K, committed 55616K, reserved 1114112K
  class space    used 5756K, committed 6336K, reserved 1048576K
}
Event: 10.417 GC heap after
{Heap after GC invocations=82 (full 2):
 PSYoungGen      total 15360K, used 544K [0x00000000d5580000, 0x00000000d6580000, 0x0000000100000000)
  eden space 14336K, 0% used [0x00000000d5580000,0x00000000d5580000,0x00000000d6380000)
  from space 1024K, 53% used [0x00000000d6480000,0x00000000d6508000,0x00000000d6580000)
  to   space 1024K, 0% used [0x00000000d6380000,0x00000000d6380000,0x00000000d6480000)
 ParOldGen       total 76288K, used 76129K [0x0000000080000000, 0x0000000084a80000, 0x00000000d5580000)
  object space 76288K, 99% used [0x0000000080000000,0x0000000084a58678,0x0000000084a80000)
 Metaspace       used 54236K, committed 55616K, reserved 1114112K
  class space    used 5756K, committed 6336K, reserved 1048576K
}
Event: 10.470 GC heap before
{Heap before GC invocations=83 (full 2):
 PSYoungGen      total 15360K, used 14880K [0x00000000d5580000, 0x00000000d6580000, 0x0000000100000000)
  eden space 14336K, 100% used [0x00000000d5580000,0x00000000d6380000,0x00000000d6380000)
  from space 1024K, 53% used [0x00000000d6480000,0x00000000d6508000,0x00000000d6580000)
  to   space 1024K, 0% used [0x00000000d6380000,0x00000000d6380000,0x00000000d6480000)
 ParOldGen       total 76288K, used 76129K [0x0000000080000000, 0x0000000084a80000, 0x00000000d5580000)
  object space 76288K, 99% used [0x0000000080000000,0x0000000084a58678,0x0000000084a80000)
 Metaspace       used 54276K, committed 55680K, reserved 1114112K
  class space    used 5756K, committed 6336K, reserved 1048576K
}
Event: 10.471 GC heap after
{Heap after GC invocations=83 (full 2):
 PSYoungGen      total 15360K, used 576K [0x00000000d5580000, 0x00000000d6580000, 0x0000000100000000)
  eden space 14336K, 0% used [0x00000000d5580000,0x00000000d5580000,0x00000000d6380000)
  from space 1024K, 56% used [0x00000000d6380000,0x00000000d6410000,0x00000000d6480000)
  to   space 1024K, 0% used [0x00000000d6480000,0x00000000d6480000,0x00000000d6580000)
 ParOldGen       total 76800K, used 76449K [0x0000000080000000, 0x0000000084b00000, 0x00000000d5580000)
  object space 76800K, 99% used [0x0000000080000000,0x0000000084aa8678,0x0000000084b00000)
 Metaspace       used 54276K, committed 55680K, reserved 1114112K
  class space    used 5756K, committed 6336K, reserved 1048576K
}
Event: 10.519 GC heap before
{Heap before GC invocations=84 (full 2):
 PSYoungGen      total 15360K, used 14912K [0x00000000d5580000, 0x00000000d6580000, 0x0000000100000000)
  eden space 14336K, 100% used [0x00000000d5580000,0x00000000d6380000,0x00000000d6380000)
  from space 1024K, 56% used [0x00000000d6380000,0x00000000d6410000,0x00000000d6480000)
  to   space 1024K, 0% used [0x00000000d6480000,0x00000000d6480000,0x00000000d6580000)
 ParOldGen       total 76800K, used 76449K [0x0000000080000000, 0x0000000084b00000, 0x00000000d5580000)
  object space 76800K, 99% used [0x0000000080000000,0x0000000084aa8678,0x0000000084b00000)
 Metaspace       used 54281K, committed 55680K, reserved 1114112K
  class space    used 5756K, committed 6336K, reserved 1048576K
}
Event: 10.520 GC heap after
{Heap after GC invocations=84 (full 2):
 PSYoungGen      total 15360K, used 639K [0x00000000d5580000, 0x00000000d6580000, 0x0000000100000000)
  eden space 14336K, 0% used [0x00000000d5580000,0x00000000d5580000,0x00000000d6380000)
  from space 1024K, 62% used [0x00000000d6480000,0x00000000d651fff0,0x00000000d6580000)
  to   space 1024K, 0% used [0x00000000d6380000,0x00000000d6380000,0x00000000d6480000)
 ParOldGen       total 76800K, used 76737K [0x0000000080000000, 0x0000000084b00000, 0x00000000d5580000)
  object space 76800K, 99% used [0x0000000080000000,0x0000000084af0678,0x0000000084b00000)
 Metaspace       used 54281K, committed 55680K, reserved 1114112K
  class space    used 5756K, committed 6336K, reserved 1048576K
}
Event: 10.693 GC heap before
{Heap before GC invocations=85 (full 2):
 PSYoungGen      total 15360K, used 14975K [0x00000000d5580000, 0x00000000d6580000, 0x0000000100000000)
  eden space 14336K, 100% used [0x00000000d5580000,0x00000000d6380000,0x00000000d6380000)
  from space 1024K, 62% used [0x00000000d6480000,0x00000000d651fff0,0x00000000d6580000)
  to   space 1024K, 0% used [0x00000000d6380000,0x00000000d6380000,0x00000000d6480000)
 ParOldGen       total 76800K, used 76737K [0x0000000080000000, 0x0000000084b00000, 0x00000000d5580000)
  object space 76800K, 99% used [0x0000000080000000,0x0000000084af0678,0x0000000084b00000)
 Metaspace       used 55683K, committed 57088K, reserved 1114112K
  class space    used 5895K, committed 6528K, reserved 1048576K
}
Event: 10.694 GC heap after
{Heap after GC invocations=85 (full 2):
 PSYoungGen      total 15360K, used 776K [0x00000000d5580000, 0x00000000d6580000, 0x0000000100000000)
  eden space 14336K, 0% used [0x00000000d5580000,0x00000000d5580000,0x00000000d6380000)
  from space 1024K, 75% used [0x00000000d6380000,0x00000000d6442028,0x00000000d6480000)
  to   space 1024K, 0% used [0x00000000d6480000,0x00000000d6480000,0x00000000d6580000)
 ParOldGen       total 77312K, used 77033K [0x0000000080000000, 0x0000000084b80000, 0x00000000d5580000)
  object space 77312K, 99% used [0x0000000080000000,0x0000000084b3a678,0x0000000084b80000)
 Metaspace       used 55683K, committed 57088K, reserved 1114112K
  class space    used 5895K, committed 6528K, reserved 1048576K
}
Event: 10.823 GC heap before
{Heap before GC invocations=86 (full 2):
 PSYoungGen      total 15360K, used 15112K [0x00000000d5580000, 0x00000000d6580000, 0x0000000100000000)
  eden space 14336K, 100% used [0x00000000d5580000,0x00000000d6380000,0x00000000d6380000)
  from space 1024K, 75% used [0x00000000d6380000,0x00000000d6442028,0x00000000d6480000)
  to   space 1024K, 0% used [0x00000000d6480000,0x00000000d6480000,0x00000000d6580000)
 ParOldGen       total 77312K, used 77033K [0x0000000080000000, 0x0000000084b80000, 0x00000000d5580000)
  object space 77312K, 99% used [0x0000000080000000,0x0000000084b3a678,0x0000000084b80000)
 Metaspace       used 56160K, committed 57600K, reserved 1114112K
  class space    used 5950K, committed 6528K, reserved 1048576K
}
Event: 10.824 GC heap after
{Heap after GC invocations=86 (full 2):
 PSYoungGen      total 15360K, used 704K [0x00000000d5580000, 0x00000000d6580000, 0x0000000100000000)
  eden space 14336K, 0% used [0x00000000d5580000,0x00000000d5580000,0x00000000d6380000)
  from space 1024K, 68% used [0x00000000d6480000,0x00000000d6530020,0x00000000d6580000)
  to   space 1024K, 0% used [0x00000000d6380000,0x00000000d6380000,0x00000000d6480000)
 ParOldGen       total 77824K, used 77553K [0x0000000080000000, 0x0000000084c00000, 0x00000000d5580000)
  object space 77824K, 99% used [0x0000000080000000,0x0000000084bbc5d8,0x0000000084c00000)
 Metaspace       used 56160K, committed 57600K, reserved 1114112K
  class space    used 5950K, committed 6528K, reserved 1048576K
}

