# JRE version: OpenJDK Runtime Environment Temurin-21.0.10+7 (21.0.10+7) (build 21.0.10+7-LTS)
# Java VM: OpenJDK 64-Bit Server VM Temurin-21.0.10+7 (21.0.10+7-LTS, mixed mode, sharing, tiered, compressed oops, compressed class ptrs, parallel gc, windows-amd64)
GC Precious Log:
 CardTable entry size: 512
 CPUs: 16 total, 16 available
 Memory: 32471M
 Large Page Support: Disabled
 NUMA Support: Disabled
 Compressed Oops: Enabled (32-bit)
 Alignments: Space 512K, Generation 512K, Heap 2M
 Heap Min Capacity: 100M
 Heap Initial Capacity: 100M
 Heap Max Capacity: 2G
 Pre-touch: Disabled
 Parallel Workers: 13
Heap:
 PSYoungGen      total 3584K, used 2191K [0x00000000d5580000, 0x00000000d5a00000, 0x0000000100000000)
  eden space 3072K, 56% used [0x00000000d5580000,0x00000000d5733d30,0x00000000d5880000)
  from space 512K, 87% used [0x00000000d5900000,0x00000000d5970000,0x00000000d5980000)
  to   space 512K, 0% used [0x00000000d5980000,0x00000000d5980000,0x00000000d5a00000)
 ParOldGen       total 174592K, used 107670K [0x0000000080000000, 0x000000008aa80000, 0x00000000d5580000)
  object space 174592K, 61% used [0x0000000080000000,0x00000000869258b0,0x000000008aa80000)
 Metaspace       used 75037K, committed 76736K, reserved 1179648K
  class space    used 7496K, committed 8256K, reserved 1048576K
GC Heap History (20 events):
Event: 49033.575 GC heap before
{Heap before GC invocations=402 (full 4):
 PSYoungGen      total 3584K, used 3568K [0x00000000d5580000, 0x00000000d5a80000, 0x0000000100000000)
  eden space 3072K, 100% used [0x00000000d5580000,0x00000000d5880000,0x00000000d5880000)
  from space 512K, 96% used [0x00000000d5900000,0x00000000d597c010,0x00000000d5980000)
  to   space 1024K, 0% used [0x00000000d5980000,0x00000000d5980000,0x00000000d5a80000)
 ParOldGen       total 174592K, used 105060K [0x0000000080000000, 0x000000008aa80000, 0x00000000d5580000)
  object space 174592K, 60% used [0x0000000080000000,0x0000000086699070,0x000000008aa80000)
 Metaspace       used 72805K, committed 74496K, reserved 1179648K
  class space    used 7297K, committed 8064K, reserved 1048576K
}
Event: 49033.575 GC heap after
{Heap after GC invocations=402 (full 4):
 PSYoungGen      total 4096K, used 561K [0x00000000d5580000, 0x00000000d5a80000, 0x0000000100000000)
  eden space 3072K, 0% used [0x00000000d5580000,0x00000000d5580000,0x00000000d5880000)
  from space 1024K, 54% used [0x00000000d5980000,0x00000000d5a0c6a0,0x00000000d5a80000)
  to   space 1024K, 0% used [0x00000000d5880000,0x00000000d5880000,0x00000000d5980000)
 ParOldGen       total 174592K, used 105510K [0x0000000080000000, 0x000000008aa80000, 0x00000000d5580000)
  object space 174592K, 60% used [0x0000000080000000,0x0000000086709820,0x000000008aa80000)
 Metaspace       used 72805K, committed 74496K, reserved 1179648K
  class space    used 7297K, committed 8064K, reserved 1048576K
}
Event: 49033.581 GC heap before
{Heap before GC invocations=403 (full 4):
 PSYoungGen      total 4096K, used 3633K [0x00000000d5580000, 0x00000000d5a80000, 0x0000000100000000)
  eden space 3072K, 100% used [0x00000000d5580000,0x00000000d5880000,0x00000000d5880000)
  from space 1024K, 54% used [0x00000000d5980000,0x00000000d5a0c6a0,0x00000000d5a80000)
  to   space 1024K, 0% used [0x00000000d5880000,0x00000000d5880000,0x00000000d5980000)
 ParOldGen       total 174592K, used 105512K [0x0000000080000000, 0x000000008aa80000, 0x00000000d5580000)
  object space 174592K, 60% used [0x0000000080000000,0x000000008670a228,0x000000008aa80000)
 Metaspace       used 72842K, committed 74496K, reserved 1179648K
  class space    used 7304K, committed 8064K, reserved 1048576K
}
Event: 49033.582 GC heap after
{Heap after GC invocations=403 (full 4):
 PSYoungGen      total 4096K, used 842K [0x00000000d5580000, 0x00000000d5a80000, 0x0000000100000000)
  eden space 3072K, 0% used [0x00000000d5580000,0x00000000d5580000,0x00000000d5880000)
  from space 1024K, 82% used [0x00000000d5880000,0x00000000d5952958,0x00000000d5980000)
  to   space 1024K, 0% used [0x00000000d5980000,0x00000000d5980000,0x00000000d5a80000)
 ParOldGen       total 174592K, used 105795K [0x0000000080000000, 0x000000008aa80000, 0x00000000d5580000)
  object space 174592K, 60% used [0x0000000080000000,0x0000000086750f18,0x000000008aa80000)
 Metaspace       used 72842K, committed 74496K, reserved 1179648K
  class space    used 7304K, committed 8064K, reserved 1048576K
}
Event: 49033.590 GC heap before
{Heap before GC invocations=404 (full 4):
 PSYoungGen      total 4096K, used 3881K [0x00000000d5580000, 0x00000000d5a80000, 0x0000000100000000)
  eden space 3072K, 98% used [0x00000000d5580000,0x00000000d5877ab8,0x00000000d5880000)
  from space 1024K, 82% used [0x00000000d5880000,0x00000000d5952958,0x00000000d5980000)
  to   space 1024K, 0% used [0x00000000d5980000,0x00000000d5980000,0x00000000d5a80000)
 ParOldGen       total 174592K, used 105795K [0x0000000080000000, 0x000000008aa80000, 0x00000000d5580000)
  object space 174592K, 60% used [0x0000000080000000,0x0000000086750f18,0x000000008aa80000)
 Metaspace       used 73003K, committed 74752K, reserved 1179648K
  class space    used 7311K, committed 8064K, reserved 1048576K
}
Event: 49033.591 GC heap after
{Heap after GC invocations=404 (full 4):
 PSYoungGen      total 4096K, used 413K [0x00000000d5580000, 0x00000000d5a80000, 0x0000000100000000)
  eden space 3072K, 0% used [0x00000000d5580000,0x00000000d5580000,0x00000000d5880000)
  from space 1024K, 40% used [0x00000000d5980000,0x00000000d59e7580,0x00000000d5a80000)
  to   space 1024K, 0% used [0x00000000d5880000,0x00000000d5880000,0x00000000d5980000)
 ParOldGen       total 174592K, used 105851K [0x0000000080000000, 0x000000008aa80000, 0x00000000d5580000)
  object space 174592K, 60% used [0x0000000080000000,0x000000008675ef18,0x000000008aa80000)
 Metaspace       used 73003K, committed 74752K, reserved 1179648K
  class space    used 7311K, committed 8064K, reserved 1048576K
}
Event: 49033.617 GC heap before
{Heap before GC invocations=405 (full 4):
 PSYoungGen      total 4096K, used 3485K [0x00000000d5580000, 0x00000000d5a80000, 0x0000000100000000)
  eden space 3072K, 100% used [0x00000000d5580000,0x00000000d5880000,0x00000000d5880000)
  from space 1024K, 40% used [0x00000000d5980000,0x00000000d59e7580,0x00000000d5a80000)
  to   space 1024K, 0% used [0x00000000d5880000,0x00000000d5880000,0x00000000d5980000)
 ParOldGen       total 174592K, used 105851K [0x0000000080000000, 0x000000008aa80000, 0x00000000d5580000)
  object space 174592K, 60% used [0x0000000080000000,0x000000008675ef18,0x000000008aa80000)
 Metaspace       used 73273K, committed 75008K, reserved 1179648K
  class space    used 7326K, committed 8064K, reserved 1048576K
}
Event: 49033.618 GC heap after
{Heap after GC invocations=405 (full 4):
 PSYoungGen      total 4096K, used 612K [0x00000000d5580000, 0x00000000d5a80000, 0x0000000100000000)
  eden space 3072K, 0% used [0x00000000d5580000,0x00000000d5580000,0x00000000d5880000)
  from space 1024K, 59% used [0x00000000d5880000,0x00000000d59193a8,0x00000000d5980000)
  to   space 1024K, 0% used [0x00000000d5980000,0x00000000d5980000,0x00000000d5a80000)
 ParOldGen       total 174592K, used 105983K [0x0000000080000000, 0x000000008aa80000, 0x00000000d5580000)
  object space 174592K, 60% used [0x0000000080000000,0x000000008677fe38,0x000000008aa80000)
 Metaspace       used 73273K, committed 75008K, reserved 1179648K
  class space    used 7326K, committed 8064K, reserved 1048576K
}
Event: 49033.650 GC heap before
{Heap before GC invocations=406 (full 4):
 PSYoungGen      total 4096K, used 3684K [0x00000000d5580000, 0x00000000d5a80000, 0x0000000100000000)
  eden space 3072K, 100% used [0x00000000d5580000,0x00000000d5880000,0x00000000d5880000)
  from space 1024K, 59% used [0x00000000d5880000,0x00000000d59193a8,0x00000000d5980000)
  to   space 1024K, 0% used [0x00000000d5980000,0x00000000d5980000,0x00000000d5a80000)
 ParOldGen       total 174592K, used 105983K [0x0000000080000000, 0x000000008aa80000, 0x00000000d5580000)
  object space 174592K, 60% used [0x0000000080000000,0x000000008677fe38,0x000000008aa80000)
 Metaspace       used 73541K, committed 75200K, reserved 1179648K
  class space    used 7346K, committed 8064K, reserved 1048576K
}
Event: 49033.651 GC heap after
{Heap after GC invocations=406 (full 4):
 PSYoungGen      total 3584K, used 384K [0x00000000d5580000, 0x00000000d5a00000, 0x0000000100000000)
  eden space 3072K, 0% used [0x00000000d5580000,0x00000000d5580000,0x00000000d5880000)
  from space 512K, 75% used [0x00000000d5980000,0x00000000d59e0000,0x00000000d5a00000)
  to   space 512K, 0% used [0x00000000d5900000,0x00000000d5900000,0x00000000d5980000)
 ParOldGen       total 174592K, used 106295K [0x0000000080000000, 0x000000008aa80000, 0x00000000d5580000)
  object space 174592K, 60% used [0x0000000080000000,0x00000000867cde38,0x000000008aa80000)
 Metaspace       used 73541K, committed 75200K, reserved 1179648K
  class space    used 7346K, committed 8064K, reserved 1048576K
}
Event: 49033.696 GC heap before
{Heap before GC invocations=407 (full 4):
 PSYoungGen      total 3584K, used 3450K [0x00000000d5580000, 0x00000000d5a00000, 0x0000000100000000)
  eden space 3072K, 99% used [0x00000000d5580000,0x00000000d587ebc0,0x00000000d5880000)
  from space 512K, 75% used [0x00000000d5980000,0x00000000d59e0000,0x00000000d5a00000)
  to   space 512K, 0% used [0x00000000d5900000,0x00000000d5900000,0x00000000d5980000)
 ParOldGen       total 174592K, used 106295K [0x0000000080000000, 0x000000008aa80000, 0x00000000d5580000)
  object space 174592K, 60% used [0x0000000080000000,0x00000000867cde38,0x000000008aa80000)
 Metaspace       used 73671K, committed 75328K, reserved 1179648K
  class space    used 7352K, committed 8064K, reserved 1048576K
}
Event: 49033.696 GC heap after
{Heap after GC invocations=407 (full 4):
 PSYoungGen      total 3584K, used 512K [0x00000000d5580000, 0x00000000d5a80000, 0x0000000100000000)
  eden space 3072K, 0% used [0x00000000d5580000,0x00000000d5580000,0x00000000d5880000)
  from space 512K, 100% used [0x00000000d5900000,0x00000000d5980000,0x00000000d5980000)
  to   space 1024K, 0% used [0x00000000d5980000,0x00000000d5980000,0x00000000d5a80000)
 ParOldGen       total 174592K, used 106623K [0x0000000080000000, 0x000000008aa80000, 0x00000000d5580000)
  object space 174592K, 61% used [0x0000000080000000,0x000000008681fe38,0x000000008aa80000)
 Metaspace       used 73671K, committed 75328K, reserved 1179648K
  class space    used 7352K, committed 8064K, reserved 1048576K
}
Event: 49033.735 GC heap before
{Heap before GC invocations=408 (full 4):
 PSYoungGen      total 3584K, used 3584K [0x00000000d5580000, 0x00000000d5a80000, 0x0000000100000000)
  eden space 3072K, 100% used [0x00000000d5580000,0x00000000d5880000,0x00000000d5880000)
  from space 512K, 100% used [0x00000000d5900000,0x00000000d5980000,0x00000000d5980000)
  to   space 1024K, 0% used [0x00000000d5980000,0x00000000d5980000,0x00000000d5a80000)
 ParOldGen       total 174592K, used 106623K [0x0000000080000000, 0x000000008aa80000, 0x00000000d5580000)
  object space 174592K, 61% used [0x0000000080000000,0x000000008681fe38,0x000000008aa80000)
 Metaspace       used 74070K, committed 75776K, reserved 1179648K
  class space    used 7398K, committed 8128K, reserved 1048576K
}
Event: 49033.736 GC heap after
{Heap after GC invocations=408 (full 4):
 PSYoungGen      total 4096K, used 384K [0x00000000d5580000, 0x00000000d5a80000, 0x0000000100000000)
  eden space 3072K, 0% used [0x00000000d5580000,0x00000000d5580000,0x00000000d5880000)
  from space 1024K, 37% used [0x00000000d5980000,0x00000000d59e0000,0x00000000d5a80000)
  to   space 1024K, 0% used [0x00000000d5880000,0x00000000d5880000,0x00000000d5980000)
 ParOldGen       total 174592K, used 107172K [0x0000000080000000, 0x000000008aa80000, 0x00000000d5580000)
  object space 174592K, 61% used [0x0000000080000000,0x00000000868a9260,0x000000008aa80000)
 Metaspace       used 74070K, committed 75776K, reserved 1179648K
  class space    used 7398K, committed 8128K, reserved 1048576K
}
Event: 49033.780 GC heap before
{Heap before GC invocations=409 (full 4):
 PSYoungGen      total 4096K, used 3456K [0x00000000d5580000, 0x00000000d5a80000, 0x0000000100000000)
  eden space 3072K, 100% used [0x00000000d5580000,0x00000000d5880000,0x00000000d5880000)
  from space 1024K, 37% used [0x00000000d5980000,0x00000000d59e0000,0x00000000d5a80000)
  to   space 1024K, 0% used [0x00000000d5880000,0x00000000d5880000,0x00000000d5980000)
 ParOldGen       total 174592K, used 107172K [0x0000000080000000, 0x000000008aa80000, 0x00000000d5580000)
  object space 174592K, 61% used [0x0000000080000000,0x00000000868a9260,0x000000008aa80000)
 Metaspace       used 74436K, committed 76160K, reserved 1179648K
  class space    used 7439K, committed 8192K, reserved 1048576K
}
Event: 49033.781 GC heap after
{Heap after GC invocations=409 (full 4):
 PSYoungGen      total 4096K, used 448K [0x00000000d5580000, 0x00000000d5a00000, 0x0000000100000000)
  eden space 3072K, 0% used [0x00000000d5580000,0x00000000d5580000,0x00000000d5880000)
  from space 1024K, 43% used [0x00000000d5880000,0x00000000d58f0000,0x00000000d5980000)
  to   space 512K, 0% used [0x00000000d5980000,0x00000000d5980000,0x00000000d5a00000)
 ParOldGen       total 174592K, used 107268K [0x0000000080000000, 0x000000008aa80000, 0x00000000d5580000)
  object space 174592K, 61% used [0x0000000080000000,0x00000000868c1260,0x000000008aa80000)
 Metaspace       used 74436K, committed 76160K, reserved 1179648K
  class space    used 7439K, committed 8192K, reserved 1048576K
}
Event: 49301.704 GC heap before
{Heap before GC invocations=410 (full 4):
 PSYoungGen      total 4096K, used 3520K [0x00000000d5580000, 0x00000000d5a00000, 0x0000000100000000)
  eden space 3072K, 100% used [0x00000000d5580000,0x00000000d5880000,0x00000000d5880000)
  from space 1024K, 43% used [0x00000000d5880000,0x00000000d58f0000,0x00000000d5980000)
  to   space 512K, 0% used [0x00000000d5980000,0x00000000d5980000,0x00000000d5a00000)
 ParOldGen       total 174592K, used 107268K [0x0000000080000000, 0x000000008aa80000, 0x00000000d5580000)
  object space 174592K, 61% used [0x0000000080000000,0x00000000868c1260,0x000000008aa80000)
 Metaspace       used 74631K, committed 76416K, reserved 1179648K
  class space    used 7465K, committed 8256K, reserved 1048576K
}
Event: 49301.706 GC heap after
{Heap after GC invocations=410 (full 4):
 PSYoungGen      total 3584K, used 416K [0x00000000d5580000, 0x00000000d5a00000, 0x0000000100000000)
  eden space 3072K, 0% used [0x00000000d5580000,0x00000000d5580000,0x00000000d5880000)
  from space 512K, 81% used [0x00000000d5980000,0x00000000d59e8000,0x00000000d5a00000)
  to   space 512K, 0% used [0x00000000d5900000,0x00000000d5900000,0x00000000d5980000)
 ParOldGen       total 174592K, used 107524K [0x0000000080000000, 0x000000008aa80000, 0x00000000d5580000)
  object space 174592K, 61% used [0x0000000080000000,0x0000000086901260,0x000000008aa80000)
 Metaspace       used 74631K, committed 76416K, reserved 1179648K
  class space    used 7465K, committed 8256K, reserved 1048576K
}
Event: 49322.374 GC heap before
{Heap before GC invocations=411 (full 4):
 PSYoungGen      total 3584K, used 3487K [0x00000000d5580000, 0x00000000d5a00000, 0x0000000100000000)
  eden space 3072K, 99% used [0x00000000d5580000,0x00000000d587fff0,0x00000000d5880000)
  from space 512K, 81% used [0x00000000d5980000,0x00000000d59e8000,0x00000000d5a00000)
  to   space 512K, 0% used [0x00000000d5900000,0x00000000d5900000,0x00000000d5980000)
 ParOldGen       total 174592K, used 107524K [0x0000000080000000, 0x000000008aa80000, 0x00000000d5580000)
  object space 174592K, 61% used [0x0000000080000000,0x0000000086901260,0x000000008aa80000)
 Metaspace       used 74958K, committed 76608K, reserved 1179648K
  class space    used 7496K, committed 8256K, reserved 1048576K
}
Event: 49322.381 GC heap after
{Heap after GC invocations=411 (full 4):
 PSYoungGen      total 3584K, used 448K [0x00000000d5580000, 0x00000000d5a00000, 0x0000000100000000)
  eden space 3072K, 0% used [0x00000000d5580000,0x00000000d5580000,0x00000000d5880000)
  from space 512K, 87% used [0x00000000d5900000,0x00000000d5970000,0x00000000d5980000)
  to   space 512K, 0% used [0x00000000d5980000,0x00000000d5980000,0x00000000d5a00000)
 ParOldGen       total 174592K, used 107670K [0x0000000080000000, 0x000000008aa80000, 0x00000000d5580000)
  object space 174592K, 61% used [0x0000000080000000,0x00000000869258b0,0x000000008aa80000)
 Metaspace       used 74958K, committed 76608K, reserved 1179648K
  class space    used 7496K, committed 8256K, reserved 1048576K
}

