# JRE version: OpenJDK Runtime Environment Temurin-21.0.11+10 (21.0.11+10) (build 21.0.11+10-LTS)
# Java VM: OpenJDK 64-Bit Server VM Temurin-21.0.11+10 (21.0.11+10-LTS, mixed mode, sharing, tiered, compressed oops, compressed class ptrs, parallel gc, windows-amd64)
GC Precious Log:
 CardTable entry size: 512
 CPUs: 16 total, 16 available
 Memory: 32471M
 Large Page Support: Disabled
 NUMA Support: Disabled
 Compressed Oops: Enabled (32-bit)
 Alignments: Space 512K, Generation 512K, Heap 2M
 Heap Min Capacity: 100M
 Heap Initial Capacity: 100M
 Heap Max Capacity: 2G
 Pre-touch: Disabled
 Parallel Workers: 13
Heap:
 PSYoungGen      total 10752K, used 2237K [0x00000000d5580000, 0x00000000d6200000, 0x0000000100000000)
  eden space 9728K, 12% used [0x00000000d5580000,0x00000000d56af628,0x00000000d5f00000)
  from space 1024K, 100% used [0x00000000d6080000,0x00000000d6180000,0x00000000d6180000)
  to   space 1536K, 0% used [0x00000000d5f00000,0x00000000d5f00000,0x00000000d6080000)
 ParOldGen       total 150528K, used 149640K [0x0000000080000000, 0x0000000089300000, 0x00000000d5580000)
  object space 150528K, 99% used [0x0000000080000000,0x0000000089222310,0x0000000089300000)
 Metaspace       used 71798K, committed 73472K, reserved 1114112K
  class space    used 7517K, committed 8256K, reserved 1048576K
GC Heap History (20 events):
Event: 306.298 GC heap before
{Heap before GC invocations=174 (full 3):
 PSYoungGen      total 11776K, used 11773K [0x00000000d5580000, 0x00000000d6e00000, 0x0000000100000000)
  eden space 9728K, 100% used [0x00000000d5580000,0x00000000d5f00000,0x00000000d5f00000)
  from space 2048K, 99% used [0x00000000d6580000,0x00000000d677f5e8,0x00000000d6780000)
  to   space 6656K, 0% used [0x00000000d5f00000,0x00000000d5f00000,0x00000000d6580000)
 ParOldGen       total 105984K, used 105594K [0x0000000080000000, 0x0000000086780000, 0x00000000d5580000)
  object space 105984K, 99% used [0x0000000080000000,0x000000008671e870,0x0000000086780000)
 Metaspace       used 69371K, committed 70976K, reserved 1114112K
  class space    used 7273K, committed 7936K, reserved 1048576K
}
Event: 306.303 GC heap after
{Heap after GC invocations=174 (full 3):
 PSYoungGen      total 14336K, used 4243K [0x00000000d5580000, 0x00000000d6900000, 0x0000000100000000)
  eden space 9728K, 0% used [0x00000000d5580000,0x00000000d5580000,0x00000000d5f00000)
  from space 4608K, 92% used [0x00000000d5f00000,0x00000000d6324d28,0x00000000d6380000)
  to   space 5120K, 0% used [0x00000000d6400000,0x00000000d6400000,0x00000000d6900000)
 ParOldGen       total 108032K, used 107653K [0x0000000080000000, 0x0000000086980000, 0x00000000d5580000)
  object space 108032K, 99% used [0x0000000080000000,0x0000000086921468,0x0000000086980000)
 Metaspace       used 69371K, committed 70976K, reserved 1114112K
  class space    used 7273K, committed 7936K, reserved 1048576K
}
Event: 306.433 GC heap before
{Heap before GC invocations=175 (full 3):
 PSYoungGen      total 14336K, used 13971K [0x00000000d5580000, 0x00000000d6900000, 0x0000000100000000)
  eden space 9728K, 100% used [0x00000000d5580000,0x00000000d5f00000,0x00000000d5f00000)
  from space 4608K, 92% used [0x00000000d5f00000,0x00000000d6324d28,0x00000000d6380000)
  to   space 5120K, 0% used [0x00000000d6400000,0x00000000d6400000,0x00000000d6900000)
 ParOldGen       total 108032K, used 107653K [0x0000000080000000, 0x0000000086980000, 0x00000000d5580000)
  object space 108032K, 99% used [0x0000000080000000,0x0000000086921468,0x0000000086980000)
 Metaspace       used 69659K, committed 71296K, reserved 1114112K
  class space    used 7299K, committed 8000K, reserved 1048576K
}
Event: 306.440 GC heap after
{Heap after GC invocations=175 (full 3):
 PSYoungGen      total 11776K, used 1640K [0x00000000d5580000, 0x00000000d6600000, 0x0000000100000000)
  eden space 9728K, 0% used [0x00000000d5580000,0x00000000d5580000,0x00000000d5f00000)
  from space 2048K, 80% used [0x00000000d6400000,0x00000000d659a188,0x00000000d6600000)
  to   space 3072K, 0% used [0x00000000d6000000,0x00000000d6000000,0x00000000d6300000)
 ParOldGen       total 112128K, used 111641K [0x0000000080000000, 0x0000000086d80000, 0x00000000d5580000)
  object space 112128K, 99% used [0x0000000080000000,0x0000000086d06678,0x0000000086d80000)
 Metaspace       used 69659K, committed 71296K, reserved 1114112K
  class space    used 7299K, committed 8000K, reserved 1048576K
}
Event: 306.656 GC heap before
{Heap before GC invocations=176 (full 3):
 PSYoungGen      total 11776K, used 11368K [0x00000000d5580000, 0x00000000d6600000, 0x0000000100000000)
  eden space 9728K, 100% used [0x00000000d5580000,0x00000000d5f00000,0x00000000d5f00000)
  from space 2048K, 80% used [0x00000000d6400000,0x00000000d659a188,0x00000000d6600000)
  to   space 3072K, 0% used [0x00000000d6000000,0x00000000d6000000,0x00000000d6300000)
 ParOldGen       total 112128K, used 111641K [0x0000000080000000, 0x0000000086d80000, 0x00000000d5580000)
  object space 112128K, 99% used [0x0000000080000000,0x0000000086d06678,0x0000000086d80000)
 Metaspace       used 69895K, committed 71488K, reserved 1114112K
  class space    used 7326K, committed 8000K, reserved 1048576K
}
Event: 306.663 GC heap after
{Heap after GC invocations=176 (full 3):
 PSYoungGen      total 11264K, used 1494K [0x00000000d5580000, 0x00000000d6480000, 0x0000000100000000)
  eden space 9728K, 0% used [0x00000000d5580000,0x00000000d5580000,0x00000000d5f00000)
  from space 1536K, 97% used [0x00000000d6000000,0x00000000d6175a30,0x00000000d6180000)
  to   space 2048K, 0% used [0x00000000d6280000,0x00000000d6280000,0x00000000d6480000)
 ParOldGen       total 113152K, used 113039K [0x0000000080000000, 0x0000000086e80000, 0x00000000d5580000)
  object space 113152K, 99% used [0x0000000080000000,0x0000000086e63da0,0x0000000086e80000)
 Metaspace       used 69895K, committed 71488K, reserved 1114112K
  class space    used 7326K, committed 8000K, reserved 1048576K
}
Event: 307.063 GC heap before
{Heap before GC invocations=177 (full 3):
 PSYoungGen      total 11264K, used 11195K [0x00000000d5580000, 0x00000000d6480000, 0x0000000100000000)
  eden space 9728K, 99% used [0x00000000d5580000,0x00000000d5ef9468,0x00000000d5f00000)
  from space 1536K, 97% used [0x00000000d6000000,0x00000000d6175a30,0x00000000d6180000)
  to   space 2048K, 0% used [0x00000000d6280000,0x00000000d6280000,0x00000000d6480000)
 ParOldGen       total 113152K, used 113039K [0x0000000080000000, 0x0000000086e80000, 0x00000000d5580000)
  object space 113152K, 99% used [0x0000000080000000,0x0000000086e63da0,0x0000000086e80000)
 Metaspace       used 70081K, committed 71744K, reserved 1114112K
  class space    used 7343K, committed 8064K, reserved 1048576K
}
Event: 307.071 GC heap after
{Heap after GC invocations=177 (full 3):
 PSYoungGen      total 10752K, used 980K [0x00000000d5580000, 0x00000000d6380000, 0x0000000100000000)
  eden space 9728K, 0% used [0x00000000d5580000,0x00000000d5580000,0x00000000d5f00000)
  from space 1024K, 95% used [0x00000000d6280000,0x00000000d6375070,0x00000000d6380000)
  to   space 1536K, 0% used [0x00000000d6080000,0x00000000d6080000,0x00000000d6200000)
 ParOldGen       total 114688K, used 114382K [0x0000000080000000, 0x0000000087000000, 0x00000000d5580000)
  object space 114688K, 99% used [0x0000000080000000,0x0000000086fb3800,0x0000000087000000)
 Metaspace       used 70081K, committed 71744K, reserved 1114112K
  class space    used 7343K, committed 8064K, reserved 1048576K
}
Event: 307.657 GC heap before
{Heap before GC invocations=178 (full 3):
 PSYoungGen      total 10752K, used 10708K [0x00000000d5580000, 0x00000000d6380000, 0x0000000100000000)
  eden space 9728K, 100% used [0x00000000d5580000,0x00000000d5f00000,0x00000000d5f00000)
  from space 1024K, 95% used [0x00000000d6280000,0x00000000d6375070,0x00000000d6380000)
  to   space 1536K, 0% used [0x00000000d6080000,0x00000000d6080000,0x00000000d6200000)
 ParOldGen       total 114688K, used 114382K [0x0000000080000000, 0x0000000087000000, 0x00000000d5580000)
  object space 114688K, 99% used [0x0000000080000000,0x0000000086fb3800,0x0000000087000000)
 Metaspace       used 70409K, committed 72064K, reserved 1114112K
  class space    used 7389K, committed 8128K, reserved 1048576K
}
Event: 307.663 GC heap after
{Heap after GC invocations=178 (full 3):
 PSYoungGen      total 11264K, used 1408K [0x00000000d5580000, 0x00000000d6300000, 0x0000000100000000)
  eden space 9728K, 0% used [0x00000000d5580000,0x00000000d5580000,0x00000000d5f00000)
  from space 1536K, 91% used [0x00000000d6080000,0x00000000d61e0030,0x00000000d6200000)
  to   space 1024K, 0% used [0x00000000d6200000,0x00000000d6200000,0x00000000d6300000)
 ParOldGen       total 115200K, used 115178K [0x0000000080000000, 0x0000000087080000, 0x00000000d5580000)
  object space 115200K, 99% used [0x0000000080000000,0x000000008707a9a0,0x0000000087080000)
 Metaspace       used 70409K, committed 72064K, reserved 1114112K
  class space    used 7389K, committed 8128K, reserved 1048576K
}
Event: 307.915 GC heap before
{Heap before GC invocations=179 (full 3):
 PSYoungGen      total 11264K, used 11136K [0x00000000d5580000, 0x00000000d6300000, 0x0000000100000000)
  eden space 9728K, 100% used [0x00000000d5580000,0x00000000d5f00000,0x00000000d5f00000)
  from space 1536K, 91% used [0x00000000d6080000,0x00000000d61e0030,0x00000000d6200000)
  to   space 1024K, 0% used [0x00000000d6200000,0x00000000d6200000,0x00000000d6300000)
 ParOldGen       total 115200K, used 115178K [0x0000000080000000, 0x0000000087080000, 0x00000000d5580000)
  object space 115200K, 99% used [0x0000000080000000,0x000000008707a9a0,0x0000000087080000)
 Metaspace       used 70721K, committed 72448K, reserved 1114112K
  class space    used 7437K, committed 8192K, reserved 1048576K
}
Event: 307.918 GC heap after
{Heap after GC invocations=179 (full 3):
 PSYoungGen      total 10752K, used 1012K [0x00000000d5580000, 0x00000000d6400000, 0x0000000100000000)
  eden space 9728K, 0% used [0x00000000d5580000,0x00000000d5580000,0x00000000d5f00000)
  from space 1024K, 98% used [0x00000000d6200000,0x00000000d62fd200,0x00000000d6300000)
  to   space 2560K, 0% used [0x00000000d5f00000,0x00000000d5f00000,0x00000000d6180000)
 ParOldGen       total 116736K, used 116386K [0x0000000080000000, 0x0000000087200000, 0x00000000d5580000)
  object space 116736K, 99% used [0x0000000080000000,0x00000000871a88e0,0x0000000087200000)
 Metaspace       used 70721K, committed 72448K, reserved 1114112K
  class space    used 7437K, committed 8192K, reserved 1048576K
}
Event: 308.032 GC heap before
{Heap before GC invocations=180 (full 3):
 PSYoungGen      total 10752K, used 10740K [0x00000000d5580000, 0x00000000d6400000, 0x0000000100000000)
  eden space 9728K, 100% used [0x00000000d5580000,0x00000000d5f00000,0x00000000d5f00000)
  from space 1024K, 98% used [0x00000000d6200000,0x00000000d62fd200,0x00000000d6300000)
  to   space 2560K, 0% used [0x00000000d5f00000,0x00000000d5f00000,0x00000000d6180000)
 ParOldGen       total 116736K, used 116386K [0x0000000080000000, 0x0000000087200000, 0x00000000d5580000)
  object space 116736K, 99% used [0x0000000080000000,0x00000000871a88e0,0x0000000087200000)
 Metaspace       used 70815K, committed 72512K, reserved 1114112K
  class space    used 7439K, committed 8192K, reserved 1048576K
}
Event: 308.035 GC heap after
{Heap after GC invocations=180 (full 3):
 PSYoungGen      total 11264K, used 1088K [0x00000000d5580000, 0x00000000d6280000, 0x0000000100000000)
  eden space 9728K, 0% used [0x00000000d5580000,0x00000000d5580000,0x00000000d5f00000)
  from space 1536K, 70% used [0x00000000d5f00000,0x00000000d6010000,0x00000000d6080000)
  to   space 1536K, 0% used [0x00000000d6100000,0x00000000d6100000,0x00000000d6280000)
 ParOldGen       total 117760K, used 117397K [0x0000000080000000, 0x0000000087300000, 0x00000000d5580000)
  object space 117760K, 99% used [0x0000000080000000,0x00000000872a5400,0x0000000087300000)
 Metaspace       used 70815K, committed 72512K, reserved 1114112K
  class space    used 7439K, committed 8192K, reserved 1048576K
}
Event: 308.349 GC heap before
{Heap before GC invocations=181 (full 3):
 PSYoungGen      total 11264K, used 10816K [0x00000000d5580000, 0x00000000d6280000, 0x0000000100000000)
  eden space 9728K, 100% used [0x00000000d5580000,0x00000000d5f00000,0x00000000d5f00000)
  from space 1536K, 70% used [0x00000000d5f00000,0x00000000d6010000,0x00000000d6080000)
  to   space 1536K, 0% used [0x00000000d6100000,0x00000000d6100000,0x00000000d6280000)
 ParOldGen       total 117760K, used 117397K [0x0000000080000000, 0x0000000087300000, 0x00000000d5580000)
  object space 117760K, 99% used [0x0000000080000000,0x00000000872a5400,0x0000000087300000)
 Metaspace       used 71216K, committed 72896K, reserved 1114112K
  class space    used 7481K, committed 8192K, reserved 1048576K
}
Event: 308.354 GC heap after
{Heap after GC invocations=181 (full 3):
 PSYoungGen      total 10752K, used 608K [0x00000000d5580000, 0x00000000d6200000, 0x0000000100000000)
  eden space 9728K, 0% used [0x00000000d5580000,0x00000000d5580000,0x00000000d5f00000)
  from space 1024K, 59% used [0x00000000d6100000,0x00000000d6198000,0x00000000d6200000)
  to   space 1024K, 0% used [0x00000000d6000000,0x00000000d6000000,0x00000000d6100000)
 ParOldGen       total 118784K, used 118277K [0x0000000080000000, 0x0000000087400000, 0x00000000d5580000)
  object space 118784K, 99% used [0x0000000080000000,0x0000000087381400,0x0000000087400000)
 Metaspace       used 71216K, committed 72896K, reserved 1114112K
  class space    used 7481K, committed 8192K, reserved 1048576K
}
Event: 313.805 GC heap before
{Heap before GC invocations=182 (full 3):
 PSYoungGen      total 10752K, used 10336K [0x00000000d5580000, 0x00000000d6200000, 0x0000000100000000)
  eden space 9728K, 100% used [0x00000000d5580000,0x00000000d5f00000,0x00000000d5f00000)
  from space 1024K, 59% used [0x00000000d6100000,0x00000000d6198000,0x00000000d6200000)
  to   space 1024K, 0% used [0x00000000d6000000,0x00000000d6000000,0x00000000d6100000)
 ParOldGen       total 150528K, used 148997K [0x0000000080000000, 0x0000000089300000, 0x00000000d5580000)
  object space 150528K, 98% used [0x0000000080000000,0x0000000089181430,0x0000000089300000)
 Metaspace       used 71674K, committed 73344K, reserved 1114112K
  class space    used 7515K, committed 8256K, reserved 1048576K
}
Event: 313.807 GC heap after
{Heap after GC invocations=182 (full 3):
 PSYoungGen      total 10240K, used 485K [0x00000000d5580000, 0x00000000d6180000, 0x0000000100000000)
  eden space 9728K, 0% used [0x00000000d5580000,0x00000000d5580000,0x00000000d5f00000)
  from space 512K, 94% used [0x00000000d6000000,0x00000000d6079420,0x00000000d6080000)
  to   space 1024K, 0% used [0x00000000d6080000,0x00000000d6080000,0x00000000d6180000)
 ParOldGen       total 150528K, used 149382K [0x0000000080000000, 0x0000000089300000, 0x00000000d5580000)
  object space 150528K, 99% used [0x0000000080000000,0x00000000891e1a48,0x0000000089300000)
 Metaspace       used 71674K, committed 73344K, reserved 1114112K
  class space    used 7515K, committed 8256K, reserved 1048576K
}
Event: 338.968 GC heap before
{Heap before GC invocations=183 (full 3):
 PSYoungGen      total 10240K, used 10213K [0x00000000d5580000, 0x00000000d6180000, 0x0000000100000000)
  eden space 9728K, 100% used [0x00000000d5580000,0x00000000d5f00000,0x00000000d5f00000)
  from space 512K, 94% used [0x00000000d6000000,0x00000000d6079420,0x00000000d6080000)
  to   space 1024K, 0% used [0x00000000d6080000,0x00000000d6080000,0x00000000d6180000)
 ParOldGen       total 150528K, used 149382K [0x0000000080000000, 0x0000000089300000, 0x00000000d5580000)
  object space 150528K, 99% used [0x0000000080000000,0x00000000891e1a48,0x0000000089300000)
 Metaspace       used 71782K, committed 73472K, reserved 1114112K
  class space    used 7517K, committed 8256K, reserved 1048576K
}
Event: 338.971 GC heap after
{Heap after GC invocations=183 (full 3):
 PSYoungGen      total 10752K, used 1024K [0x00000000d5580000, 0x00000000d6200000, 0x0000000100000000)
  eden space 9728K, 0% used [0x00000000d5580000,0x00000000d5580000,0x00000000d5f00000)
  from space 1024K, 100% used [0x00000000d6080000,0x00000000d6180000,0x00000000d6180000)
  to   space 1536K, 0% used [0x00000000d5f00000,0x00000000d5f00000,0x00000000d6080000)
 ParOldGen       total 150528K, used 149640K [0x0000000080000000, 0x0000000089300000, 0x00000000d5580000)
  object space 150528K, 99% used [0x0000000080000000,0x0000000089222310,0x0000000089300000)
 Metaspace       used 71782K, committed 73472K, reserved 1114112K
  class space    used 7517K, committed 8256K, reserved 1048576K
}

