# JRE version: OpenJDK Runtime Environment Temurin-21.0.10+7 (21.0.10+7) (build 21.0.10+7-LTS)
# Java VM: OpenJDK 64-Bit Server VM Temurin-21.0.10+7 (21.0.10+7-LTS, mixed mode, sharing, tiered, compressed oops, compressed class ptrs, parallel gc, windows-amd64)
GC Precious Log:
 CardTable entry size: 512
 CPUs: 16 total, 16 available
 Memory: 32471M
 Large Page Support: Disabled
 NUMA Support: Disabled
 Compressed Oops: Enabled (32-bit)
 Alignments: Space 512K, Generation 512K, Heap 2M
 Heap Min Capacity: 100M
 Heap Initial Capacity: 100M
 Heap Max Capacity: 2G
 Pre-touch: Disabled
 Parallel Workers: 13
Heap:
 PSYoungGen      total 16384K, used 10773K [0x00000000d5580000, 0x00000000d6a80000, 0x0000000100000000)
  eden space 14336K, 67% used [0x00000000d5580000,0x00000000d5ef5710,0x00000000d6380000)
  from space 2048K, 53% used [0x00000000d6700000,0x00000000d6810000,0x00000000d6900000)
  to   space 1536K, 0% used [0x00000000d6900000,0x00000000d6900000,0x00000000d6a80000)
 ParOldGen       total 68608K, used 33266K [0x0000000080000000, 0x0000000084300000, 0x00000000d5580000)
  object space 68608K, 48% used [0x0000000080000000,0x000000008207c928,0x0000000084300000)
 Metaspace       used 47198K, committed 48448K, reserved 1114112K
  class space    used 5111K, committed 5632K, reserved 1048576K
GC Heap History (20 events):
Event: 8.838 GC heap before
{Heap before GC invocations=14 (full 1):
 PSYoungGen      total 23552K, used 6101K [0x00000000d5580000, 0x00000000d7200000, 0x0000000100000000)
  eden space 22016K, 20% used [0x00000000d5580000,0x00000000d59f5ee8,0x00000000d6b00000)
  from space 1536K, 99% used [0x00000000d7080000,0x00000000d71ff5d0,0x00000000d7200000)
  to   space 3584K, 0% used [0x00000000d6b00000,0x00000000d6b00000,0x00000000d6e80000)
 ParOldGen       total 68608K, used 18755K [0x0000000080000000, 0x0000000084300000, 0x00000000d5580000)
  object space 68608K, 27% used [0x0000000080000000,0x0000000081250ef0,0x0000000084300000)
 Metaspace       used 34721K, committed 35840K, reserved 1114112K
  class space    used 3560K, committed 4032K, reserved 1048576K
}
Event: 8.841 GC heap after
{Heap after GC invocations=14 (full 1):
 PSYoungGen      total 25600K, used 407K [0x00000000d5580000, 0x00000000d7100000, 0x0000000100000000)
  eden space 22016K, 0% used [0x00000000d5580000,0x00000000d5580000,0x00000000d6b00000)
  from space 3584K, 11% used [0x00000000d6b00000,0x00000000d6b65ec8,0x00000000d6e80000)
  to   space 1536K, 0% used [0x00000000d6f80000,0x00000000d6f80000,0x00000000d7100000)
 ParOldGen       total 68608K, used 20172K [0x0000000080000000, 0x0000000084300000, 0x00000000d5580000)
  object space 68608K, 29% used [0x0000000080000000,0x00000000813b30b8,0x0000000084300000)
 Metaspace       used 34721K, committed 35840K, reserved 1114112K
  class space    used 3560K, committed 4032K, reserved 1048576K
}
Event: 8.841 GC heap before
{Heap before GC invocations=15 (full 2):
 PSYoungGen      total 25600K, used 407K [0x00000000d5580000, 0x00000000d7100000, 0x0000000100000000)
  eden space 22016K, 0% used [0x00000000d5580000,0x00000000d5580000,0x00000000d6b00000)
  from space 3584K, 11% used [0x00000000d6b00000,0x00000000d6b65ec8,0x00000000d6e80000)
  to   space 1536K, 0% used [0x00000000d6f80000,0x00000000d6f80000,0x00000000d7100000)
 ParOldGen       total 68608K, used 20172K [0x0000000080000000, 0x0000000084300000, 0x00000000d5580000)
  object space 68608K, 29% used [0x0000000080000000,0x00000000813b30b8,0x0000000084300000)
 Metaspace       used 34721K, committed 35840K, reserved 1114112K
  class space    used 3560K, committed 4032K, reserved 1048576K
}
Event: 8.882 GC heap after
{Heap after GC invocations=15 (full 2):
 PSYoungGen      total 25600K, used 0K [0x00000000d5580000, 0x00000000d7100000, 0x0000000100000000)
  eden space 22016K, 0% used [0x00000000d5580000,0x00000000d5580000,0x00000000d6b00000)
  from space 3584K, 0% used [0x00000000d6b00000,0x00000000d6b00000,0x00000000d6e80000)
  to   space 1536K, 0% used [0x00000000d6f80000,0x00000000d6f80000,0x00000000d7100000)
 ParOldGen       total 68608K, used 19328K [0x0000000080000000, 0x0000000084300000, 0x00000000d5580000)
  object space 68608K, 28% used [0x0000000080000000,0x00000000812e0038,0x0000000084300000)
 Metaspace       used 34721K, committed 35840K, reserved 1114112K
  class space    used 3560K, committed 4032K, reserved 1048576K
}
Event: 9.236 GC heap before
{Heap before GC invocations=16 (full 2):
 PSYoungGen      total 25600K, used 22016K [0x00000000d5580000, 0x00000000d7100000, 0x0000000100000000)
  eden space 22016K, 100% used [0x00000000d5580000,0x00000000d6b00000,0x00000000d6b00000)
  from space 3584K, 0% used [0x00000000d6b00000,0x00000000d6b00000,0x00000000d6e80000)
  to   space 1536K, 0% used [0x00000000d6f80000,0x00000000d6f80000,0x00000000d7100000)
 ParOldGen       total 68608K, used 19328K [0x0000000080000000, 0x0000000084300000, 0x00000000d5580000)
  object space 68608K, 28% used [0x0000000080000000,0x00000000812e0038,0x0000000084300000)
 Metaspace       used 36345K, committed 37568K, reserved 1114112K
  class space    used 3792K, committed 4352K, reserved 1048576K
}
Event: 9.237 GC heap after
{Heap after GC invocations=16 (full 2):
 PSYoungGen      total 23552K, used 1518K [0x00000000d5580000, 0x00000000d7100000, 0x0000000100000000)
  eden space 22016K, 0% used [0x00000000d5580000,0x00000000d5580000,0x00000000d6b00000)
  from space 1536K, 98% used [0x00000000d6f80000,0x00000000d70fbbd0,0x00000000d7100000)
  to   space 3072K, 0% used [0x00000000d6b00000,0x00000000d6b00000,0x00000000d6e00000)
 ParOldGen       total 68608K, used 20352K [0x0000000080000000, 0x0000000084300000, 0x00000000d5580000)
  object space 68608K, 29% used [0x0000000080000000,0x00000000813e0068,0x0000000084300000)
 Metaspace       used 36345K, committed 37568K, reserved 1114112K
  class space    used 3792K, committed 4352K, reserved 1048576K
}
Event: 9.633 GC heap before
{Heap before GC invocations=17 (full 2):
 PSYoungGen      total 23552K, used 23534K [0x00000000d5580000, 0x00000000d7100000, 0x0000000100000000)
  eden space 22016K, 100% used [0x00000000d5580000,0x00000000d6b00000,0x00000000d6b00000)
  from space 1536K, 98% used [0x00000000d6f80000,0x00000000d70fbbd0,0x00000000d7100000)
  to   space 3072K, 0% used [0x00000000d6b00000,0x00000000d6b00000,0x00000000d6e00000)
 ParOldGen       total 68608K, used 20358K [0x0000000080000000, 0x0000000084300000, 0x00000000d5580000)
  object space 68608K, 29% used [0x0000000080000000,0x00000000813e1a40,0x0000000084300000)
 Metaspace       used 38244K, committed 39552K, reserved 1114112K
  class space    used 4014K, committed 4608K, reserved 1048576K
}
Event: 9.639 GC heap after
{Heap after GC invocations=17 (full 2):
 PSYoungGen      total 24064K, used 1986K [0x00000000d5580000, 0x00000000d7000000, 0x0000000100000000)
  eden space 22016K, 0% used [0x00000000d5580000,0x00000000d5580000,0x00000000d6b00000)
  from space 2048K, 96% used [0x00000000d6b00000,0x00000000d6cf0800,0x00000000d6d00000)
  to   space 2560K, 0% used [0x00000000d6d80000,0x00000000d6d80000,0x00000000d7000000)
 ParOldGen       total 68608K, used 21855K [0x0000000080000000, 0x0000000084300000, 0x00000000d5580000)
  object space 68608K, 31% used [0x0000000080000000,0x0000000081557cd8,0x0000000084300000)
 Metaspace       used 38244K, committed 39552K, reserved 1114112K
  class space    used 4014K, committed 4608K, reserved 1048576K
}
Event: 9.920 GC heap before
{Heap before GC invocations=18 (full 2):
 PSYoungGen      total 24064K, used 24002K [0x00000000d5580000, 0x00000000d7000000, 0x0000000100000000)
  eden space 22016K, 100% used [0x00000000d5580000,0x00000000d6b00000,0x00000000d6b00000)
  from space 2048K, 96% used [0x00000000d6b00000,0x00000000d6cf0800,0x00000000d6d00000)
  to   space 2560K, 0% used [0x00000000d6d80000,0x00000000d6d80000,0x00000000d7000000)
 ParOldGen       total 68608K, used 21857K [0x0000000080000000, 0x0000000084300000, 0x00000000d5580000)
  object space 68608K, 31% used [0x0000000080000000,0x0000000081558518,0x0000000084300000)
 Metaspace       used 39180K, committed 40448K, reserved 1114112K
  class space    used 4115K, committed 4672K, reserved 1048576K
}
Event: 9.927 GC heap after
{Heap after GC invocations=18 (full 2):
 PSYoungGen      total 16896K, used 2560K [0x00000000d5580000, 0x00000000d7f00000, 0x0000000100000000)
  eden space 14336K, 0% used [0x00000000d5580000,0x00000000d5580000,0x00000000d6380000)
  from space 2560K, 100% used [0x00000000d6d80000,0x00000000d7000000,0x00000000d7000000)
  to   space 10240K, 0% used [0x00000000d6380000,0x00000000d6380000,0x00000000d6d80000)
 ParOldGen       total 68608K, used 27966K [0x0000000080000000, 0x0000000084300000, 0x00000000d5580000)
  object space 68608K, 40% used [0x0000000080000000,0x0000000081b4f878,0x0000000084300000)
 Metaspace       used 39180K, committed 40448K, reserved 1114112K
  class space    used 4115K, committed 4672K, reserved 1048576K
}
Event: 10.215 GC heap before
{Heap before GC invocations=19 (full 2):
 PSYoungGen      total 16896K, used 16896K [0x00000000d5580000, 0x00000000d7f00000, 0x0000000100000000)
  eden space 14336K, 100% used [0x00000000d5580000,0x00000000d6380000,0x00000000d6380000)
  from space 2560K, 100% used [0x00000000d6d80000,0x00000000d7000000,0x00000000d7000000)
  to   space 10240K, 0% used [0x00000000d6380000,0x00000000d6380000,0x00000000d6d80000)
 ParOldGen       total 68608K, used 27966K [0x0000000080000000, 0x0000000084300000, 0x00000000d5580000)
  object space 68608K, 40% used [0x0000000080000000,0x0000000081b4f878,0x0000000084300000)
 Metaspace       used 39931K, committed 41152K, reserved 1114112K
  class space    used 4216K, committed 4736K, reserved 1048576K
}
Event: 10.218 GC heap after
{Heap after GC invocations=19 (full 2):
 PSYoungGen      total 14848K, used 512K [0x00000000d5580000, 0x00000000d6e00000, 0x0000000100000000)
  eden space 14336K, 0% used [0x00000000d5580000,0x00000000d5580000,0x00000000d6380000)
  from space 512K, 100% used [0x00000000d6380000,0x00000000d6400000,0x00000000d6400000)
  to   space 3584K, 0% used [0x00000000d6a80000,0x00000000d6a80000,0x00000000d6e00000)
 ParOldGen       total 68608K, used 30526K [0x0000000080000000, 0x0000000084300000, 0x00000000d5580000)
  object space 68608K, 44% used [0x0000000080000000,0x0000000081dcf8a0,0x0000000084300000)
 Metaspace       used 39931K, committed 41152K, reserved 1114112K
  class space    used 4216K, committed 4736K, reserved 1048576K
}
Event: 10.724 GC heap before
{Heap before GC invocations=20 (full 2):
 PSYoungGen      total 14848K, used 14848K [0x00000000d5580000, 0x00000000d6e00000, 0x0000000100000000)
  eden space 14336K, 100% used [0x00000000d5580000,0x00000000d6380000,0x00000000d6380000)
  from space 512K, 100% used [0x00000000d6380000,0x00000000d6400000,0x00000000d6400000)
  to   space 3584K, 0% used [0x00000000d6a80000,0x00000000d6a80000,0x00000000d6e00000)
 ParOldGen       total 68608K, used 30526K [0x0000000080000000, 0x0000000084300000, 0x00000000d5580000)
  object space 68608K, 44% used [0x0000000080000000,0x0000000081dcf8a0,0x0000000084300000)
 Metaspace       used 41570K, committed 42816K, reserved 1114112K
  class space    used 4425K, committed 4992K, reserved 1048576K
}
Event: 10.726 GC heap after
{Heap after GC invocations=20 (full 2):
 PSYoungGen      total 15360K, used 1024K [0x00000000d5580000, 0x00000000d6b80000, 0x0000000100000000)
  eden space 14336K, 0% used [0x00000000d5580000,0x00000000d5580000,0x00000000d6380000)
  from space 1024K, 100% used [0x00000000d6a80000,0x00000000d6b80000,0x00000000d6b80000)
  to   space 1536K, 0% used [0x00000000d6880000,0x00000000d6880000,0x00000000d6a00000)
 ParOldGen       total 68608K, used 30810K [0x0000000080000000, 0x0000000084300000, 0x00000000d5580000)
  object space 68608K, 44% used [0x0000000080000000,0x0000000081e16bf8,0x0000000084300000)
 Metaspace       used 41570K, committed 42816K, reserved 1114112K
  class space    used 4425K, committed 4992K, reserved 1048576K
}
Event: 11.042 GC heap before
{Heap before GC invocations=21 (full 2):
 PSYoungGen      total 15360K, used 15360K [0x00000000d5580000, 0x00000000d6b80000, 0x0000000100000000)
  eden space 14336K, 100% used [0x00000000d5580000,0x00000000d6380000,0x00000000d6380000)
  from space 1024K, 100% used [0x00000000d6a80000,0x00000000d6b80000,0x00000000d6b80000)
  to   space 1536K, 0% used [0x00000000d6880000,0x00000000d6880000,0x00000000d6a00000)
 ParOldGen       total 68608K, used 30810K [0x0000000080000000, 0x0000000084300000, 0x00000000d5580000)
  object space 68608K, 44% used [0x0000000080000000,0x0000000081e16bf8,0x0000000084300000)
 Metaspace       used 43197K, committed 44480K, reserved 1114112K
  class space    used 4624K, committed 5184K, reserved 1048576K
}
Event: 11.044 GC heap after
{Heap after GC invocations=21 (full 2):
 PSYoungGen      total 15872K, used 960K [0x00000000d5580000, 0x00000000d6b00000, 0x0000000100000000)
  eden space 14336K, 0% used [0x00000000d5580000,0x00000000d5580000,0x00000000d6380000)
  from space 1536K, 62% used [0x00000000d6880000,0x00000000d6970000,0x00000000d6a00000)
  to   space 1024K, 0% used [0x00000000d6a00000,0x00000000d6a00000,0x00000000d6b00000)
 ParOldGen       total 68608K, used 31627K [0x0000000080000000, 0x0000000084300000, 0x00000000d5580000)
  object space 68608K, 46% used [0x0000000080000000,0x0000000081ee2c08,0x0000000084300000)
 Metaspace       used 43197K, committed 44480K, reserved 1114112K
  class space    used 4624K, committed 5184K, reserved 1048576K
}
Event: 11.507 GC heap before
{Heap before GC invocations=22 (full 2):
 PSYoungGen      total 15872K, used 15296K [0x00000000d5580000, 0x00000000d6b00000, 0x0000000100000000)
  eden space 14336K, 100% used [0x00000000d5580000,0x00000000d6380000,0x00000000d6380000)
  from space 1536K, 62% used [0x00000000d6880000,0x00000000d6970000,0x00000000d6a00000)
  to   space 1024K, 0% used [0x00000000d6a00000,0x00000000d6a00000,0x00000000d6b00000)
 ParOldGen       total 68608K, used 31627K [0x0000000080000000, 0x0000000084300000, 0x00000000d5580000)
  object space 68608K, 46% used [0x0000000080000000,0x0000000081ee2c08,0x0000000084300000)
 Metaspace       used 44959K, committed 46208K, reserved 1114112K
  class space    used 4873K, committed 5440K, reserved 1048576K
}
Event: 11.509 GC heap after
{Heap after GC invocations=22 (full 2):
 PSYoungGen      total 15360K, used 1024K [0x00000000d5580000, 0x00000000d6b00000, 0x0000000100000000)
  eden space 14336K, 0% used [0x00000000d5580000,0x00000000d5580000,0x00000000d6380000)
  from space 1024K, 100% used [0x00000000d6a00000,0x00000000d6b00000,0x00000000d6b00000)
  to   space 2048K, 0% used [0x00000000d6700000,0x00000000d6700000,0x00000000d6900000)
 ParOldGen       total 68608K, used 32366K [0x0000000080000000, 0x0000000084300000, 0x00000000d5580000)
  object space 68608K, 47% used [0x0000000080000000,0x0000000081f9b918,0x0000000084300000)
 Metaspace       used 44959K, committed 46208K, reserved 1114112K
  class space    used 4873K, committed 5440K, reserved 1048576K
}
Event: 11.796 GC heap before
{Heap before GC invocations=23 (full 2):
 PSYoungGen      total 15360K, used 15360K [0x00000000d5580000, 0x00000000d6b00000, 0x0000000100000000)
  eden space 14336K, 100% used [0x00000000d5580000,0x00000000d6380000,0x00000000d6380000)
  from space 1024K, 100% used [0x00000000d6a00000,0x00000000d6b00000,0x00000000d6b00000)
  to   space 2048K, 0% used [0x00000000d6700000,0x00000000d6700000,0x00000000d6900000)
 ParOldGen       total 68608K, used 32366K [0x0000000080000000, 0x0000000084300000, 0x00000000d5580000)
  object space 68608K, 47% used [0x0000000080000000,0x0000000081f9b918,0x0000000084300000)
 Metaspace       used 46344K, committed 47616K, reserved 1114112K
  class space    used 5033K, committed 5568K, reserved 1048576K
}
Event: 11.798 GC heap after
{Heap after GC invocations=23 (full 2):
 PSYoungGen      total 16384K, used 1088K [0x00000000d5580000, 0x00000000d6a80000, 0x0000000100000000)
  eden space 14336K, 0% used [0x00000000d5580000,0x00000000d5580000,0x00000000d6380000)
  from space 2048K, 53% used [0x00000000d6700000,0x00000000d6810000,0x00000000d6900000)
  to   space 1536K, 0% used [0x00000000d6900000,0x00000000d6900000,0x00000000d6a80000)
 ParOldGen       total 68608K, used 33266K [0x0000000080000000, 0x0000000084300000, 0x00000000d5580000)
  object space 68608K, 48% used [0x0000000080000000,0x000000008207c928,0x0000000084300000)
 Metaspace       used 46344K, committed 47616K, reserved 1114112K
  class space    used 5033K, committed 5568K, reserved 1048576K
}

