# JRE version: OpenJDK Runtime Environment Temurin-21.0.11+10 (21.0.11+10) (build 21.0.11+10-LTS)
# Java VM: OpenJDK 64-Bit Server VM Temurin-21.0.11+10 (21.0.11+10-LTS, mixed mode, sharing, tiered, compressed oops, compressed class ptrs, parallel gc, windows-amd64)
GC Precious Log:
 CardTable entry size: 512
 CPUs: 16 total, 16 available
 Memory: 32471M
 Large Page Support: Disabled
 NUMA Support: Disabled
 Compressed Oops: Enabled (32-bit)
 Alignments: Space 512K, Generation 512K, Heap 2M
 Heap Min Capacity: 100M
 Heap Initial Capacity: 100M
 Heap Max Capacity: 2G
 Pre-touch: Disabled
 Parallel Workers: 13
Heap:
 PSYoungGen      total 11264K, used 1980K [0x00000000d5580000, 0x00000000d6200000, 0x0000000100000000)
  eden space 10240K, 11% used [0x00000000d5580000,0x00000000d56af200,0x00000000d5f80000)
  from space 1024K, 75% used [0x00000000d6100000,0x00000000d61c0000,0x00000000d6200000)
  to   space 1024K, 0% used [0x00000000d5f80000,0x00000000d5f80000,0x00000000d6080000)
 ParOldGen       total 88576K, used 74553K [0x0000000080000000, 0x0000000085680000, 0x00000000d5580000)
  object space 88576K, 84% used [0x0000000080000000,0x00000000848ce610,0x0000000085680000)
 Metaspace       used 63361K, committed 64832K, reserved 1114112K
  class space    used 6700K, committed 7296K, reserved 1048576K
GC Heap History (20 events):
Event: 15.243 GC heap before
{Heap before GC invocations=110 (full 3):
 PSYoungGen      total 12288K, used 12099K [0x00000000d5580000, 0x00000000d6300000, 0x0000000100000000)
  eden space 10752K, 100% used [0x00000000d5580000,0x00000000d6000000,0x00000000d6000000)
  from space 1536K, 87% used [0x00000000d6180000,0x00000000d62d0d80,0x00000000d6300000)
  to   space 1536K, 0% used [0x00000000d6000000,0x00000000d6000000,0x00000000d6180000)
 ParOldGen       total 88576K, used 66873K [0x0000000080000000, 0x0000000085680000, 0x00000000d5580000)
  object space 88576K, 75% used [0x0000000080000000,0x000000008414e670,0x0000000085680000)
 Metaspace       used 61389K, committed 62848K, reserved 1114112K
  class space    used 6517K, committed 7104K, reserved 1048576K
}
Event: 15.246 GC heap after
{Heap after GC invocations=110 (full 3):
 PSYoungGen      total 12288K, used 960K [0x00000000d5580000, 0x00000000d6300000, 0x0000000100000000)
  eden space 10752K, 0% used [0x00000000d5580000,0x00000000d5580000,0x00000000d6000000)
  from space 1536K, 62% used [0x00000000d6000000,0x00000000d60f0000,0x00000000d6180000)
  to   space 1536K, 0% used [0x00000000d6180000,0x00000000d6180000,0x00000000d6300000)
 ParOldGen       total 88576K, used 68005K [0x0000000080000000, 0x0000000085680000, 0x00000000d5580000)
  object space 88576K, 76% used [0x0000000080000000,0x0000000084269480,0x0000000085680000)
 Metaspace       used 61389K, committed 62848K, reserved 1114112K
  class space    used 6517K, committed 7104K, reserved 1048576K
}
Event: 15.347 GC heap before
{Heap before GC invocations=111 (full 3):
 PSYoungGen      total 12288K, used 11712K [0x00000000d5580000, 0x00000000d6300000, 0x0000000100000000)
  eden space 10752K, 100% used [0x00000000d5580000,0x00000000d6000000,0x00000000d6000000)
  from space 1536K, 62% used [0x00000000d6000000,0x00000000d60f0000,0x00000000d6180000)
  to   space 1536K, 0% used [0x00000000d6180000,0x00000000d6180000,0x00000000d6300000)
 ParOldGen       total 88576K, used 68005K [0x0000000080000000, 0x0000000085680000, 0x00000000d5580000)
  object space 88576K, 76% used [0x0000000080000000,0x0000000084269480,0x0000000085680000)
 Metaspace       used 61683K, committed 63168K, reserved 1114112K
  class space    used 6562K, committed 7168K, reserved 1048576K
}
Event: 15.350 GC heap after
{Heap after GC invocations=111 (full 3):
 PSYoungGen      total 11776K, used 672K [0x00000000d5580000, 0x00000000d6280000, 0x0000000100000000)
  eden space 10752K, 0% used [0x00000000d5580000,0x00000000d5580000,0x00000000d6000000)
  from space 1024K, 65% used [0x00000000d6180000,0x00000000d6228000,0x00000000d6280000)
  to   space 1024K, 0% used [0x00000000d6080000,0x00000000d6080000,0x00000000d6180000)
 ParOldGen       total 88576K, used 68798K [0x0000000080000000, 0x0000000085680000, 0x00000000d5580000)
  object space 88576K, 77% used [0x0000000080000000,0x000000008432f9f0,0x0000000085680000)
 Metaspace       used 61683K, committed 63168K, reserved 1114112K
  class space    used 6562K, committed 7168K, reserved 1048576K
}
Event: 15.525 GC heap before
{Heap before GC invocations=112 (full 3):
 PSYoungGen      total 11776K, used 11424K [0x00000000d5580000, 0x00000000d6280000, 0x0000000100000000)
  eden space 10752K, 100% used [0x00000000d5580000,0x00000000d6000000,0x00000000d6000000)
  from space 1024K, 65% used [0x00000000d6180000,0x00000000d6228000,0x00000000d6280000)
  to   space 1024K, 0% used [0x00000000d6080000,0x00000000d6080000,0x00000000d6180000)
 ParOldGen       total 88576K, used 68798K [0x0000000080000000, 0x0000000085680000, 0x00000000d5580000)
  object space 88576K, 77% used [0x0000000080000000,0x000000008432f9f0,0x0000000085680000)
 Metaspace       used 62047K, committed 63616K, reserved 1114112K
  class space    used 6602K, committed 7232K, reserved 1048576K
}
Event: 15.526 GC heap after
{Heap after GC invocations=112 (full 3):
 PSYoungGen      total 11776K, used 1022K [0x00000000d5580000, 0x00000000d6500000, 0x0000000100000000)
  eden space 10752K, 0% used [0x00000000d5580000,0x00000000d5580000,0x00000000d6000000)
  from space 1024K, 99% used [0x00000000d6080000,0x00000000d617fab8,0x00000000d6180000)
  to   space 2560K, 0% used [0x00000000d6280000,0x00000000d6280000,0x00000000d6500000)
 ParOldGen       total 88576K, used 69890K [0x0000000080000000, 0x0000000085680000, 0x00000000d5580000)
  object space 88576K, 78% used [0x0000000080000000,0x00000000844408c0,0x0000000085680000)
 Metaspace       used 62047K, committed 63616K, reserved 1114112K
  class space    used 6602K, committed 7232K, reserved 1048576K
}
Event: 15.558 GC heap before
{Heap before GC invocations=113 (full 3):
 PSYoungGen      total 11776K, used 11774K [0x00000000d5580000, 0x00000000d6500000, 0x0000000100000000)
  eden space 10752K, 100% used [0x00000000d5580000,0x00000000d6000000,0x00000000d6000000)
  from space 1024K, 99% used [0x00000000d6080000,0x00000000d617fab8,0x00000000d6180000)
  to   space 2560K, 0% used [0x00000000d6280000,0x00000000d6280000,0x00000000d6500000)
 ParOldGen       total 88576K, used 69890K [0x0000000080000000, 0x0000000085680000, 0x00000000d5580000)
  object space 88576K, 78% used [0x0000000080000000,0x00000000844408c0,0x0000000085680000)
 Metaspace       used 62058K, committed 63616K, reserved 1114112K
  class space    used 6602K, committed 7232K, reserved 1048576K
}
Event: 15.559 GC heap after
{Heap after GC invocations=113 (full 3):
 PSYoungGen      total 12288K, used 1150K [0x00000000d5580000, 0x00000000d6400000, 0x0000000100000000)
  eden space 10752K, 0% used [0x00000000d5580000,0x00000000d5580000,0x00000000d6000000)
  from space 1536K, 74% used [0x00000000d6280000,0x00000000d639f910,0x00000000d6400000)
  to   space 1536K, 0% used [0x00000000d6100000,0x00000000d6100000,0x00000000d6280000)
 ParOldGen       total 88576K, used 70487K [0x0000000080000000, 0x0000000085680000, 0x00000000d5580000)
  object space 88576K, 79% used [0x0000000080000000,0x00000000844d5f10,0x0000000085680000)
 Metaspace       used 62058K, committed 63616K, reserved 1114112K
  class space    used 6602K, committed 7232K, reserved 1048576K
}
Event: 15.578 GC heap before
{Heap before GC invocations=114 (full 3):
 PSYoungGen      total 12288K, used 11762K [0x00000000d5580000, 0x00000000d6400000, 0x0000000100000000)
  eden space 10752K, 98% used [0x00000000d5580000,0x00000000d5fdd088,0x00000000d6000000)
  from space 1536K, 74% used [0x00000000d6280000,0x00000000d639f910,0x00000000d6400000)
  to   space 1536K, 0% used [0x00000000d6100000,0x00000000d6100000,0x00000000d6280000)
 ParOldGen       total 88576K, used 70487K [0x0000000080000000, 0x0000000085680000, 0x00000000d5580000)
  object space 88576K, 79% used [0x0000000080000000,0x00000000844d5f10,0x0000000085680000)
 Metaspace       used 62060K, committed 63616K, reserved 1114112K
  class space    used 6602K, committed 7232K, reserved 1048576K
}
Event: 15.578 GC heap after
{Heap after GC invocations=114 (full 3):
 PSYoungGen      total 11776K, used 1014K [0x00000000d5580000, 0x00000000d6300000, 0x0000000100000000)
  eden space 10752K, 0% used [0x00000000d5580000,0x00000000d5580000,0x00000000d6000000)
  from space 1024K, 99% used [0x00000000d6100000,0x00000000d61fda20,0x00000000d6200000)
  to   space 1024K, 0% used [0x00000000d6200000,0x00000000d6200000,0x00000000d6300000)
 ParOldGen       total 88576K, used 70519K [0x0000000080000000, 0x0000000085680000, 0x00000000d5580000)
  object space 88576K, 79% used [0x0000000080000000,0x00000000844ddf10,0x0000000085680000)
 Metaspace       used 62060K, committed 63616K, reserved 1114112K
  class space    used 6602K, committed 7232K, reserved 1048576K
}
Event: 15.730 GC heap before
{Heap before GC invocations=115 (full 3):
 PSYoungGen      total 11776K, used 11766K [0x00000000d5580000, 0x00000000d6300000, 0x0000000100000000)
  eden space 10752K, 100% used [0x00000000d5580000,0x00000000d6000000,0x00000000d6000000)
  from space 1024K, 99% used [0x00000000d6100000,0x00000000d61fda20,0x00000000d6200000)
  to   space 1024K, 0% used [0x00000000d6200000,0x00000000d6200000,0x00000000d6300000)
 ParOldGen       total 88576K, used 70519K [0x0000000080000000, 0x0000000085680000, 0x00000000d5580000)
  object space 88576K, 79% used [0x0000000080000000,0x00000000844ddf10,0x0000000085680000)
 Metaspace       used 63072K, committed 64576K, reserved 1114112K
  class space    used 6689K, committed 7296K, reserved 1048576K
}
Event: 15.731 GC heap after
{Heap after GC invocations=115 (full 3):
 PSYoungGen      total 11264K, used 352K [0x00000000d5580000, 0x00000000d6280000, 0x0000000100000000)
  eden space 10752K, 0% used [0x00000000d5580000,0x00000000d5580000,0x00000000d6000000)
  from space 512K, 68% used [0x00000000d6200000,0x00000000d6258000,0x00000000d6280000)
  to   space 1024K, 0% used [0x00000000d6080000,0x00000000d6080000,0x00000000d6180000)
 ParOldGen       total 88576K, used 70535K [0x0000000080000000, 0x0000000085680000, 0x00000000d5580000)
  object space 88576K, 79% used [0x0000000080000000,0x00000000844e1f10,0x0000000085680000)
 Metaspace       used 63072K, committed 64576K, reserved 1114112K
  class space    used 6689K, committed 7296K, reserved 1048576K
}
Event: 15.792 GC heap before
{Heap before GC invocations=116 (full 3):
 PSYoungGen      total 11264K, used 11104K [0x00000000d5580000, 0x00000000d6280000, 0x0000000100000000)
  eden space 10752K, 100% used [0x00000000d5580000,0x00000000d6000000,0x00000000d6000000)
  from space 512K, 68% used [0x00000000d6200000,0x00000000d6258000,0x00000000d6280000)
  to   space 1024K, 0% used [0x00000000d6080000,0x00000000d6080000,0x00000000d6180000)
 ParOldGen       total 88576K, used 70535K [0x0000000080000000, 0x0000000085680000, 0x00000000d5580000)
  object space 88576K, 79% used [0x0000000080000000,0x00000000844e1f10,0x0000000085680000)
 Metaspace       used 63169K, committed 64704K, reserved 1114112K
  class space    used 6697K, committed 7296K, reserved 1048576K
}
Event: 15.794 GC heap after
{Heap after GC invocations=116 (full 3):
 PSYoungGen      total 11776K, used 944K [0x00000000d5580000, 0x00000000d6300000, 0x0000000100000000)
  eden space 10752K, 0% used [0x00000000d5580000,0x00000000d5580000,0x00000000d6000000)
  from space 1024K, 92% used [0x00000000d6080000,0x00000000d616c010,0x00000000d6180000)
  to   space 1536K, 0% used [0x00000000d6180000,0x00000000d6180000,0x00000000d6300000)
 ParOldGen       total 88576K, used 70679K [0x0000000080000000, 0x0000000085680000, 0x00000000d5580000)
  object space 88576K, 79% used [0x0000000080000000,0x0000000084505f10,0x0000000085680000)
 Metaspace       used 63169K, committed 64704K, reserved 1114112K
  class space    used 6697K, committed 7296K, reserved 1048576K
}
Event: 15.835 GC heap before
{Heap before GC invocations=117 (full 3):
 PSYoungGen      total 11776K, used 11696K [0x00000000d5580000, 0x00000000d6300000, 0x0000000100000000)
  eden space 10752K, 100% used [0x00000000d5580000,0x00000000d6000000,0x00000000d6000000)
  from space 1024K, 92% used [0x00000000d6080000,0x00000000d616c010,0x00000000d6180000)
  to   space 1536K, 0% used [0x00000000d6180000,0x00000000d6180000,0x00000000d6300000)
 ParOldGen       total 88576K, used 70679K [0x0000000080000000, 0x0000000085680000, 0x00000000d5580000)
  object space 88576K, 79% used [0x0000000080000000,0x0000000084505f10,0x0000000085680000)
 Metaspace       used 63219K, committed 64704K, reserved 1114112K
  class space    used 6700K, committed 7296K, reserved 1048576K
}
Event: 15.837 GC heap after
{Heap after GC invocations=117 (full 3):
 PSYoungGen      total 11776K, used 880K [0x00000000d5580000, 0x00000000d6280000, 0x0000000100000000)
  eden space 10752K, 0% used [0x00000000d5580000,0x00000000d5580000,0x00000000d6000000)
  from space 1024K, 85% used [0x00000000d6180000,0x00000000d625c050,0x00000000d6280000)
  to   space 1024K, 0% used [0x00000000d6080000,0x00000000d6080000,0x00000000d6180000)
 ParOldGen       total 88576K, used 71423K [0x0000000080000000, 0x0000000085680000, 0x00000000d5580000)
  object space 88576K, 80% used [0x0000000080000000,0x00000000845bff90,0x0000000085680000)
 Metaspace       used 63219K, committed 64704K, reserved 1114112K
  class space    used 6700K, committed 7296K, reserved 1048576K
}
Event: 15.875 GC heap before
{Heap before GC invocations=118 (full 3):
 PSYoungGen      total 11776K, used 11632K [0x00000000d5580000, 0x00000000d6280000, 0x0000000100000000)
  eden space 10752K, 100% used [0x00000000d5580000,0x00000000d6000000,0x00000000d6000000)
  from space 1024K, 85% used [0x00000000d6180000,0x00000000d625c050,0x00000000d6280000)
  to   space 1024K, 0% used [0x00000000d6080000,0x00000000d6080000,0x00000000d6180000)
 ParOldGen       total 88576K, used 71423K [0x0000000080000000, 0x0000000085680000, 0x00000000d5580000)
  object space 88576K, 80% used [0x0000000080000000,0x00000000845bff90,0x0000000085680000)
 Metaspace       used 63272K, committed 64768K, reserved 1114112K
  class space    used 6700K, committed 7296K, reserved 1048576K
}
Event: 15.876 GC heap after
{Heap after GC invocations=118 (full 3):
 PSYoungGen      total 11776K, used 944K [0x00000000d5580000, 0x00000000d6200000, 0x0000000100000000)
  eden space 10752K, 0% used [0x00000000d5580000,0x00000000d5580000,0x00000000d6000000)
  from space 1024K, 92% used [0x00000000d6080000,0x00000000d616c010,0x00000000d6180000)
  to   space 512K, 0% used [0x00000000d6180000,0x00000000d6180000,0x00000000d6200000)
 ParOldGen       total 88576K, used 72217K [0x0000000080000000, 0x0000000085680000, 0x00000000d5580000)
  object space 88576K, 81% used [0x0000000080000000,0x0000000084686490,0x0000000085680000)
 Metaspace       used 63272K, committed 64768K, reserved 1114112K
  class space    used 6700K, committed 7296K, reserved 1048576K
}
Event: 15.910 GC heap before
{Heap before GC invocations=119 (full 3):
 PSYoungGen      total 11776K, used 11696K [0x00000000d5580000, 0x00000000d6200000, 0x0000000100000000)
  eden space 10752K, 100% used [0x00000000d5580000,0x00000000d6000000,0x00000000d6000000)
  from space 1024K, 92% used [0x00000000d6080000,0x00000000d616c010,0x00000000d6180000)
  to   space 512K, 0% used [0x00000000d6180000,0x00000000d6180000,0x00000000d6200000)
 ParOldGen       total 88576K, used 72217K [0x0000000080000000, 0x0000000085680000, 0x00000000d5580000)
  object space 88576K, 81% used [0x0000000080000000,0x0000000084686490,0x0000000085680000)
 Metaspace       used 63290K, committed 64768K, reserved 1114112K
  class space    used 6700K, committed 7296K, reserved 1048576K
}
Event: 15.912 GC heap after
{Heap after GC invocations=119 (full 3):
 PSYoungGen      total 10752K, used 512K [0x00000000d5580000, 0x00000000d6400000, 0x0000000100000000)
  eden space 10240K, 0% used [0x00000000d5580000,0x00000000d5580000,0x00000000d5f80000)
  from space 512K, 100% used [0x00000000d6180000,0x00000000d6200000,0x00000000d6200000)
  to   space 2048K, 0% used [0x00000000d5f80000,0x00000000d5f80000,0x00000000d6180000)
 ParOldGen       total 88576K, used 73261K [0x0000000080000000, 0x0000000085680000, 0x00000000d5580000)
  object space 88576K, 82% used [0x0000000080000000,0x000000008478b590,0x0000000085680000)
 Metaspace       used 63290K, committed 64768K, reserved 1114112K
  class space    used 6700K, committed 7296K, reserved 1048576K
}

